desc: --massif-out-file=massif_shellsort_FilaDinamica.out
cmd: ./shellsort_FilaDinamica
time_unit: i
#-----------
snapshot=0
#-----------
time=0
mem_heap_B=0
mem_heap_extra_B=0
mem_stacks_B=0
heap_tree=empty
#-----------
snapshot=1
#-----------
time=2034844
mem_heap_B=16082543
mem_heap_extra_B=3089
mem_stacks_B=0
heap_tree=peak
n2: 16082543 (heap allocation functions) malloc/new/new[], --alloc-fns, etc.
 n1: 16000000 0x10B5A0: lerCSV(std::__cxx11::basic_string<char, std::char_traits<char>, std::allocator<char> > const&, int) (in /home/deivy-rossi/shellC++/src/shellsort_FilaDinamica)
  n0: 16000000 0x10A7F4: main (in /home/deivy-rossi/shellC++/src/shellsort_FilaDinamica)
 n0: 82543 in 5 places, all below massif's threshold (1.00%)
#-----------
snapshot=2
#-----------
time=74942803
mem_heap_B=16082521
mem_heap_extra_B=3071
mem_stacks_B=0
heap_tree=empty
#-----------
snapshot=3
#-----------
time=113499244
mem_heap_B=16082521
mem_heap_extra_B=3071
mem_stacks_B=0
heap_tree=empty
#-----------
snapshot=4
#-----------
time=171581327
mem_heap_B=16082521
mem_heap_extra_B=3071
mem_stacks_B=0
heap_tree=empty
#-----------
snapshot=5
#-----------
time=202972462
mem_heap_B=16082521
mem_heap_extra_B=3071
mem_stacks_B=0
heap_tree=empty
#-----------
snapshot=6
#-----------
time=251419975
mem_heap_B=16082521
mem_heap_extra_B=3071
mem_stacks_B=0
heap_tree=empty
#-----------
snapshot=7
#-----------
time=294291777
mem_heap_B=16082521
mem_heap_extra_B=3071
mem_stacks_B=0
heap_tree=empty
#-----------
snapshot=8
#-----------
time=363671164
mem_heap_B=16082521
mem_heap_extra_B=3071
mem_stacks_B=0
heap_tree=empty
#-----------
snapshot=9
#-----------
time=400191333
mem_heap_B=16082546
mem_heap_extra_B=3086
mem_stacks_B=0
heap_tree=empty
#-----------
snapshot=10
#-----------
time=447670510
mem_heap_B=16082521
mem_heap_extra_B=3071
mem_stacks_B=0
heap_tree=empty
#-----------
snapshot=11
#-----------
time=486913215
mem_heap_B=16082521
mem_heap_extra_B=3071
mem_stacks_B=0
heap_tree=empty
#-----------
snapshot=12
#-----------
time=527951056
mem_heap_B=16082547
mem_heap_extra_B=3085
mem_stacks_B=0
heap_tree=detailed
n2: 16082547 (heap allocation functions) malloc/new/new[], --alloc-fns, etc.
 n1: 16000000 0x10B5A0: lerCSV(std::__cxx11::basic_string<char, std::char_traits<char>, std::allocator<char> > const&, int) (in /home/deivy-rossi/shellC++/src/shellsort_FilaDinamica)
  n0: 16000000 0x10A7F4: main (in /home/deivy-rossi/shellC++/src/shellsort_FilaDinamica)
 n0: 82547 in 5 places, all below massif's threshold (1.00%)
#-----------
snapshot=13
#-----------
time=562147081
mem_heap_B=16082521
mem_heap_extra_B=3071
mem_stacks_B=0
heap_tree=empty
#-----------
snapshot=14
#-----------
time=630543511
mem_heap_B=16082521
mem_heap_extra_B=3071
mem_stacks_B=0
heap_tree=empty
#-----------
snapshot=15
#-----------
time=671580798
mem_heap_B=16082521
mem_heap_extra_B=3071
mem_stacks_B=0
heap_tree=empty
#-----------
snapshot=16
#-----------
time=733134562
mem_heap_B=16082548
mem_heap_extra_B=3084
mem_stacks_B=0
heap_tree=detailed
n2: 16082548 (heap allocation functions) malloc/new/new[], --alloc-fns, etc.
 n1: 16000000 0x10B5A0: lerCSV(std::__cxx11::basic_string<char, std::char_traits<char>, std::allocator<char> > const&, int) (in /home/deivy-rossi/shellC++/src/shellsort_FilaDinamica)
  n0: 16000000 0x10A7F4: main (in /home/deivy-rossi/shellC++/src/shellsort_FilaDinamica)
 n0: 82548 in 5 places, all below massif's threshold (1.00%)
#-----------
snapshot=17
#-----------
time=774175064
mem_heap_B=16082521
mem_heap_extra_B=3071
mem_stacks_B=0
heap_tree=empty
#-----------
snapshot=18
#-----------
time=815212340
mem_heap_B=16082521
mem_heap_extra_B=3071
mem_stacks_B=0
heap_tree=empty
#-----------
snapshot=19
#-----------
time=869985362
mem_heap_B=16082521
mem_heap_extra_B=3071
mem_stacks_B=0
heap_tree=empty
#-----------
snapshot=20
#-----------
time=902851820
mem_heap_B=16082521
mem_heap_extra_B=3071
mem_stacks_B=0
heap_tree=detailed
n2: 16082521 (heap allocation functions) malloc/new/new[], --alloc-fns, etc.
 n1: 16000000 0x10B5A0: lerCSV(std::__cxx11::basic_string<char, std::char_traits<char>, std::allocator<char> > const&, int) (in /home/deivy-rossi/shellC++/src/shellsort_FilaDinamica)
  n0: 16000000 0x10A7F4: main (in /home/deivy-rossi/shellC++/src/shellsort_FilaDinamica)
 n0: 82521 in 5 places, all below massif's threshold (1.00%)
#-----------
snapshot=21
#-----------
time=968580729
mem_heap_B=16082547
mem_heap_extra_B=3085
mem_stacks_B=0
heap_tree=empty
#-----------
snapshot=22
#-----------
time=1012400301
mem_heap_B=16082521
mem_heap_extra_B=3071
mem_stacks_B=0
heap_tree=detailed
n2: 16082521 (heap allocation functions) malloc/new/new[], --alloc-fns, etc.
 n1: 16000000 0x10B5A0: lerCSV(std::__cxx11::basic_string<char, std::char_traits<char>, std::allocator<char> > const&, int) (in /home/deivy-rossi/shellC++/src/shellsort_FilaDinamica)
  n0: 16000000 0x10A7F4: main (in /home/deivy-rossi/shellC++/src/shellsort_FilaDinamica)
 n0: 82521 in 5 places, all below massif's threshold (1.00%)
#-----------
snapshot=23
#-----------
time=1078126543
mem_heap_B=16082549
mem_heap_extra_B=3083
mem_stacks_B=0
heap_tree=empty
#-----------
snapshot=24
#-----------
time=1121947033
mem_heap_B=16082547
mem_heap_extra_B=3085
mem_stacks_B=0
heap_tree=detailed
n2: 16082547 (heap allocation functions) malloc/new/new[], --alloc-fns, etc.
 n1: 16000000 0x10B5A0: lerCSV(std::__cxx11::basic_string<char, std::char_traits<char>, std::allocator<char> > const&, int) (in /home/deivy-rossi/shellC++/src/shellsort_FilaDinamica)
  n0: 16000000 0x10A7F4: main (in /home/deivy-rossi/shellC++/src/shellsort_FilaDinamica)
 n0: 82547 in 5 places, all below massif's threshold (1.00%)
#-----------
snapshot=25
#-----------
time=1154812011
mem_heap_B=16082521
mem_heap_extra_B=3071
mem_stacks_B=0
heap_tree=empty
#-----------
snapshot=26
#-----------
time=1198629711
mem_heap_B=16082548
mem_heap_extra_B=3084
mem_stacks_B=0
heap_tree=empty
#-----------
snapshot=27
#-----------
time=1242447991
mem_heap_B=16082547
mem_heap_extra_B=3085
mem_stacks_B=0
heap_tree=empty
#-----------
snapshot=28
#-----------
time=1286270469
mem_heap_B=16082521
mem_heap_extra_B=3071
mem_stacks_B=0
heap_tree=empty
#-----------
snapshot=29
#-----------
time=1319135130
mem_heap_B=16082546
mem_heap_extra_B=3086
mem_stacks_B=0
heap_tree=empty
#-----------
snapshot=30
#-----------
time=1362956241
mem_heap_B=16082521
mem_heap_extra_B=3071
mem_stacks_B=0
heap_tree=empty
#-----------
snapshot=31
#-----------
time=1399481566
mem_heap_B=16082521
mem_heap_extra_B=3071
mem_stacks_B=0
heap_tree=empty
#-----------
snapshot=32
#-----------
time=1436008350
mem_heap_B=16082521
mem_heap_extra_B=3071
mem_stacks_B=0
heap_tree=empty
#-----------
snapshot=33
#-----------
time=1472532928
mem_heap_B=16082547
mem_heap_extra_B=3085
mem_stacks_B=0
heap_tree=empty
#-----------
snapshot=34
#-----------
time=1509060323
mem_heap_B=16082521
mem_heap_extra_B=3071
mem_stacks_B=0
heap_tree=detailed
n2: 16082521 (heap allocation functions) malloc/new/new[], --alloc-fns, etc.
 n1: 16000000 0x10B5A0: lerCSV(std::__cxx11::basic_string<char, std::char_traits<char>, std::allocator<char> > const&, int) (in /home/deivy-rossi/shellC++/src/shellsort_FilaDinamica)
  n0: 16000000 0x10A7F4: main (in /home/deivy-rossi/shellC++/src/shellsort_FilaDinamica)
 n0: 82521 in 5 places, all below massif's threshold (1.00%)
#-----------
snapshot=35
#-----------
time=1563851410
mem_heap_B=16082521
mem_heap_extra_B=3071
mem_stacks_B=0
heap_tree=empty
#-----------
snapshot=36
#-----------
time=1600376326
mem_heap_B=16082521
mem_heap_extra_B=3071
mem_stacks_B=0
heap_tree=empty
#-----------
snapshot=37
#-----------
time=1655164897
mem_heap_B=16082521
mem_heap_extra_B=3071
mem_stacks_B=0
heap_tree=empty
#-----------
snapshot=38
#-----------
time=1691690479
mem_heap_B=16082521
mem_heap_extra_B=3071
mem_stacks_B=0
heap_tree=detailed
n2: 16082521 (heap allocation functions) malloc/new/new[], --alloc-fns, etc.
 n1: 16000000 0x10B5A0: lerCSV(std::__cxx11::basic_string<char, std::char_traits<char>, std::allocator<char> > const&, int) (in /home/deivy-rossi/shellC++/src/shellsort_FilaDinamica)
  n0: 16000000 0x10A7F4: main (in /home/deivy-rossi/shellC++/src/shellsort_FilaDinamica)
 n0: 82521 in 5 places, all below massif's threshold (1.00%)
#-----------
snapshot=39
#-----------
time=1746479173
mem_heap_B=16082521
mem_heap_extra_B=3071
mem_stacks_B=0
heap_tree=empty
#-----------
snapshot=40
#-----------
time=1819529059
mem_heap_B=16082521
mem_heap_extra_B=3071
mem_stacks_B=0
heap_tree=empty
#-----------
snapshot=41
#-----------
time=1892578276
mem_heap_B=16082521
mem_heap_extra_B=3071
mem_stacks_B=0
heap_tree=empty
#-----------
snapshot=42
#-----------
time=1947366643
mem_heap_B=16082521
mem_heap_extra_B=3071
mem_stacks_B=0
heap_tree=empty
#-----------
snapshot=43
#-----------
time=1983890830
mem_heap_B=16082521
mem_heap_extra_B=3071
mem_stacks_B=0
heap_tree=empty
#-----------
snapshot=44
#-----------
time=2020417571
mem_heap_B=16082521
mem_heap_extra_B=3071
mem_stacks_B=0
heap_tree=empty
#-----------
snapshot=45
#-----------
time=2056943277
mem_heap_B=16082545
mem_heap_extra_B=3087
mem_stacks_B=0
heap_tree=detailed
n2: 16082545 (heap allocation functions) malloc/new/new[], --alloc-fns, etc.
 n1: 16000000 0x10B5A0: lerCSV(std::__cxx11::basic_string<char, std::char_traits<char>, std::allocator<char> > const&, int) (in /home/deivy-rossi/shellC++/src/shellsort_FilaDinamica)
  n0: 16000000 0x10A7F4: main (in /home/deivy-rossi/shellC++/src/shellsort_FilaDinamica)
 n0: 82545 in 5 places, all below massif's threshold (1.00%)
#-----------
snapshot=46
#-----------
time=2111731093
mem_heap_B=16082521
mem_heap_extra_B=3071
mem_stacks_B=0
heap_tree=empty
#-----------
snapshot=47
#-----------
time=2184779795
mem_heap_B=16082521
mem_heap_extra_B=3071
mem_stacks_B=0
heap_tree=empty
#-----------
snapshot=48
#-----------
time=2239568373
mem_heap_B=16082521
mem_heap_extra_B=3071
mem_stacks_B=0
heap_tree=detailed
n2: 16082521 (heap allocation functions) malloc/new/new[], --alloc-fns, etc.
 n1: 16000000 0x10B5A0: lerCSV(std::__cxx11::basic_string<char, std::char_traits<char>, std::allocator<char> > const&, int) (in /home/deivy-rossi/shellC++/src/shellsort_FilaDinamica)
  n0: 16000000 0x10A7F4: main (in /home/deivy-rossi/shellC++/src/shellsort_FilaDinamica)
 n0: 82521 in 5 places, all below massif's threshold (1.00%)
#-----------
snapshot=49
#-----------
time=2276093047
mem_heap_B=16082521
mem_heap_extra_B=3071
mem_stacks_B=0
heap_tree=empty
#-----------
snapshot=50
#-----------
time=2307484639
mem_heap_B=16082521
mem_heap_extra_B=3071
mem_stacks_B=0
heap_tree=empty
#-----------
snapshot=51
#-----------
time=2338877972
mem_heap_B=16082521
mem_heap_extra_B=3071
mem_stacks_B=0
heap_tree=empty
#-----------
snapshot=52
#-----------
time=2370271042
mem_heap_B=16082521
mem_heap_extra_B=3071
mem_stacks_B=0
heap_tree=empty
#-----------
snapshot=53
#-----------
time=2401662396
mem_heap_B=16082548
mem_heap_extra_B=3084
mem_stacks_B=0
heap_tree=empty
#-----------
snapshot=54
#-----------
time=2433054612
mem_heap_B=16082521
mem_heap_extra_B=3071
mem_stacks_B=0
heap_tree=empty
#-----------
snapshot=55
#-----------
time=2464447641
mem_heap_B=16082521
mem_heap_extra_B=3071
mem_stacks_B=0
heap_tree=empty
#-----------
snapshot=56
#-----------
time=2495839119
mem_heap_B=16082546
mem_heap_extra_B=3086
mem_stacks_B=0
heap_tree=empty
#-----------
snapshot=57
#-----------
time=2527231413
mem_heap_B=16082521
mem_heap_extra_B=3071
mem_stacks_B=0
heap_tree=detailed
n2: 16082521 (heap allocation functions) malloc/new/new[], --alloc-fns, etc.
 n1: 16000000 0x10B5A0: lerCSV(std::__cxx11::basic_string<char, std::char_traits<char>, std::allocator<char> > const&, int) (in /home/deivy-rossi/shellC++/src/shellsort_FilaDinamica)
  n0: 16000000 0x10A7F4: main (in /home/deivy-rossi/shellC++/src/shellsort_FilaDinamica)
 n0: 82521 in 5 places, all below massif's threshold (1.00%)
#-----------
snapshot=58
#-----------
time=2558624853
mem_heap_B=16082521
mem_heap_extra_B=3071
mem_stacks_B=0
heap_tree=empty
#-----------
snapshot=59
#-----------
time=2590018216
mem_heap_B=16082521
mem_heap_extra_B=3071
mem_stacks_B=0
heap_tree=empty
#-----------
snapshot=60
#-----------
time=2621410064
mem_heap_B=16082546
mem_heap_extra_B=3086
mem_stacks_B=0
heap_tree=empty
#-----------
snapshot=61
#-----------
time=2652802254
mem_heap_B=16082521
mem_heap_extra_B=3071
mem_stacks_B=0
heap_tree=empty
#-----------
snapshot=62
#-----------
time=2684194678
mem_heap_B=16082521
mem_heap_extra_B=3071
mem_stacks_B=0
heap_tree=empty
#-----------
snapshot=63
#-----------
time=2715587744
mem_heap_B=16082521
mem_heap_extra_B=3071
mem_stacks_B=0
heap_tree=empty
#-----------
snapshot=64
#-----------
time=2746979723
mem_heap_B=16082521
mem_heap_extra_B=3071
mem_stacks_B=0
heap_tree=empty
#-----------
snapshot=65
#-----------
time=2778371168
mem_heap_B=16082521
mem_heap_extra_B=3071
mem_stacks_B=0
heap_tree=empty
#-----------
snapshot=66
#-----------
time=2809762396
mem_heap_B=16082546
mem_heap_extra_B=3086
mem_stacks_B=0
heap_tree=empty
#-----------
snapshot=67
#-----------
time=2841153817
mem_heap_B=16082547
mem_heap_extra_B=3085
mem_stacks_B=0
heap_tree=detailed
n2: 16082547 (heap allocation functions) malloc/new/new[], --alloc-fns, etc.
 n1: 16000000 0x10B5A0: lerCSV(std::__cxx11::basic_string<char, std::char_traits<char>, std::allocator<char> > const&, int) (in /home/deivy-rossi/shellC++/src/shellsort_FilaDinamica)
  n0: 16000000 0x10A7F4: main (in /home/deivy-rossi/shellC++/src/shellsort_FilaDinamica)
 n0: 82547 in 5 places, all below massif's threshold (1.00%)
#-----------
snapshot=68
#-----------
time=2872547329
mem_heap_B=16082521
mem_heap_extra_B=3071
mem_stacks_B=0
heap_tree=empty
#-----------
snapshot=69
#-----------
time=2903938618
mem_heap_B=16082521
mem_heap_extra_B=3071
mem_stacks_B=0
heap_tree=empty
#-----------
snapshot=70
#-----------
time=2935331753
mem_heap_B=16082521
mem_heap_extra_B=3071
mem_stacks_B=0
heap_tree=empty
#-----------
snapshot=71
#-----------
time=2966723526
mem_heap_B=16082544
mem_heap_extra_B=3088
mem_stacks_B=0
heap_tree=empty
#-----------
snapshot=72
#-----------
time=2998116958
mem_heap_B=16082521
mem_heap_extra_B=3071
mem_stacks_B=0
heap_tree=empty
#-----------
snapshot=73
#-----------
time=3029510646
mem_heap_B=16082521
mem_heap_extra_B=3071
mem_stacks_B=0
heap_tree=empty
#-----------
snapshot=74
#-----------
time=3060902210
mem_heap_B=16082521
mem_heap_extra_B=3071
mem_stacks_B=0
heap_tree=empty
#-----------
snapshot=75
#-----------
time=3092294631
mem_heap_B=16082521
mem_heap_extra_B=3071
mem_stacks_B=0
heap_tree=empty
#-----------
snapshot=76
#-----------
time=3123686665
mem_heap_B=16082521
mem_heap_extra_B=3071
mem_stacks_B=0
heap_tree=empty
#-----------
snapshot=77
#-----------
time=3155078457
mem_heap_B=16082521
mem_heap_extra_B=3071
mem_stacks_B=0
heap_tree=detailed
n2: 16082521 (heap allocation functions) malloc/new/new[], --alloc-fns, etc.
 n1: 16000000 0x10B5A0: lerCSV(std::__cxx11::basic_string<char, std::char_traits<char>, std::allocator<char> > const&, int) (in /home/deivy-rossi/shellC++/src/shellsort_FilaDinamica)
  n0: 16000000 0x10A7F4: main (in /home/deivy-rossi/shellC++/src/shellsort_FilaDinamica)
 n0: 82521 in 5 places, all below massif's threshold (1.00%)
#-----------
snapshot=78
#-----------
time=3186470523
mem_heap_B=16082548
mem_heap_extra_B=3084
mem_stacks_B=0
heap_tree=empty
#-----------
snapshot=79
#-----------
time=3217862381
mem_heap_B=16082546
mem_heap_extra_B=3086
mem_stacks_B=0
heap_tree=empty
#-----------
snapshot=80
#-----------
time=3249254052
mem_heap_B=16082521
mem_heap_extra_B=3071
mem_stacks_B=0
heap_tree=empty
#-----------
snapshot=81
#-----------
time=3280647622
mem_heap_B=16082521
mem_heap_extra_B=3071
mem_stacks_B=0
heap_tree=empty
#-----------
snapshot=82
#-----------
time=3312039860
mem_heap_B=16082521
mem_heap_extra_B=3071
mem_stacks_B=0
heap_tree=empty
#-----------
snapshot=83
#-----------
time=3343431854
mem_heap_B=16082521
mem_heap_extra_B=3071
mem_stacks_B=0
heap_tree=empty
#-----------
snapshot=84
#-----------
time=3374823366
mem_heap_B=16082521
mem_heap_extra_B=3071
mem_stacks_B=0
heap_tree=empty
#-----------
snapshot=85
#-----------
time=3406215122
mem_heap_B=16082521
mem_heap_extra_B=3071
mem_stacks_B=0
heap_tree=empty
#-----------
snapshot=86
#-----------
time=3437607586
mem_heap_B=16082521
mem_heap_extra_B=3071
mem_stacks_B=0
heap_tree=empty
#-----------
snapshot=87
#-----------
time=3469000828
mem_heap_B=16082521
mem_heap_extra_B=3071
mem_stacks_B=0
heap_tree=detailed
n2: 16082521 (heap allocation functions) malloc/new/new[], --alloc-fns, etc.
 n1: 16000000 0x10B5A0: lerCSV(std::__cxx11::basic_string<char, std::char_traits<char>, std::allocator<char> > const&, int) (in /home/deivy-rossi/shellC++/src/shellsort_FilaDinamica)
  n0: 16000000 0x10A7F4: main (in /home/deivy-rossi/shellC++/src/shellsort_FilaDinamica)
 n0: 82521 in 5 places, all below massif's threshold (1.00%)
#-----------
snapshot=88
#-----------
time=3500394048
mem_heap_B=16082521
mem_heap_extra_B=3071
mem_stacks_B=0
heap_tree=empty
#-----------
snapshot=89
#-----------
time=8650912548
mem_heap_B=77824
mem_heap_extra_B=16
mem_stacks_B=0
heap_tree=empty
