desc: --massif-out-file=massif_shellsort_PilhaDinamica.out
cmd: ./shellsort_PilhaDinamica
time_unit: i
#-----------
snapshot=0
#-----------
time=0
mem_heap_B=0
mem_heap_extra_B=0
mem_stacks_B=0
heap_tree=empty
#-----------
snapshot=1
#-----------
time=2038197
mem_heap_B=16086543
mem_heap_extra_B=3097
mem_stacks_B=0
heap_tree=peak
n2: 16086543 (heap allocation functions) malloc/new/new[], --alloc-fns, etc.
 n1: 16000000 0x10B69D: TesteShellSortPilhaDinamica::carregar(std::__cxx11::basic_string<char, std::char_traits<char>, std::allocator<char> > const&, int) (in /home/deivy-rossi/shellC++/src/shellsort_PilhaDinamica)
  n0: 16000000 0x10A643: main (in /home/deivy-rossi/shellC++/src/shellsort_PilhaDinamica)
 n0: 86543 in 6 places, all below massif's threshold (1.00%)
#-----------
snapshot=2
#-----------
time=649143108
mem_heap_B=16086521
mem_heap_extra_B=3079
mem_stacks_B=0
heap_tree=empty
#-----------
snapshot=3
#-----------
time=1099600531
mem_heap_B=16086521
mem_heap_extra_B=3079
mem_stacks_B=0
heap_tree=empty
#-----------
snapshot=4
#-----------
time=1637525129
mem_heap_B=16086521
mem_heap_extra_B=3079
mem_stacks_B=0
heap_tree=empty
#-----------
snapshot=5
#-----------
time=2229274826
mem_heap_B=16086521
mem_heap_extra_B=3079
mem_stacks_B=0
heap_tree=empty
#-----------
snapshot=6
#-----------
time=2667332314
mem_heap_B=16086521
mem_heap_extra_B=3079
mem_stacks_B=0
heap_tree=empty
#-----------
snapshot=7
#-----------
time=2990121094
mem_heap_B=16086521
mem_heap_extra_B=3079
mem_stacks_B=0
heap_tree=empty
#-----------
snapshot=8
#-----------
time=3497348525
mem_heap_B=16086521
mem_heap_extra_B=3079
mem_stacks_B=0
heap_tree=empty
#-----------
snapshot=9
#-----------
time=3856244935
mem_heap_B=77824
mem_heap_extra_B=16
mem_stacks_B=0
heap_tree=detailed
n3: 77824 (heap allocation functions) malloc/new/new[], --alloc-fns, etc.
 n1: 73728 0x491A38E: ??? (in /usr/lib/x86_64-linux-gnu/libstdc++.so.6.0.33)
  n1: 73728 0x400571E: call_init.part.0 (dl-init.c:74)
   n1: 73728 0x4005823: call_init (dl-init.c:120)
    n1: 73728 0x4005823: _dl_init (dl-init.c:121)
     n0: 73728 0x401F59F: ??? (in /usr/lib/x86_64-linux-gnu/ld-linux-x86-64.so.2)
 n1: 4096 0x4B941B4: _IO_file_doallocate (filedoalloc.c:101)
  n1: 4096 0x4BA4523: _IO_doallocbuf (genops.c:347)
   n1: 4096 0x4BA1F8F: _IO_file_overflow@@GLIBC_2.2.5 (fileops.c:745)
    n1: 4096 0x4BA2AAE: _IO_new_file_xsputn (fileops.c:1244)
     n1: 4096 0x4BA2AAE: _IO_file_xsputn@@GLIBC_2.2.5 (fileops.c:1197)
      n1: 4096 0x4B95A11: fwrite (iofwrite.c:39)
       n1: 4096 0x49B9DC3: std::basic_ostream<char, std::char_traits<char> >& std::__ostream_insert<char, std::char_traits<char> >(std::basic_ostream<char, std::char_traits<char> >&, char const*, long) (in /usr/lib/x86_64-linux-gnu/libstdc++.so.6.0.33)
        n0: 4096 0x10A5E6: main (in /home/deivy-rossi/shellC++/src/shellsort_PilhaDinamica)
 n0: 0 in 5 places, all below massif's threshold (1.00%)
#-----------
snapshot=10
#-----------
time=4317360002
mem_heap_B=16086521
mem_heap_extra_B=3079
mem_stacks_B=0
heap_tree=detailed
n2: 16086521 (heap allocation functions) malloc/new/new[], --alloc-fns, etc.
 n1: 16000000 0x10B69D: TesteShellSortPilhaDinamica::carregar(std::__cxx11::basic_string<char, std::char_traits<char>, std::allocator<char> > const&, int) (in /home/deivy-rossi/shellC++/src/shellsort_PilhaDinamica)
  n0: 16000000 0x10A643: main (in /home/deivy-rossi/shellC++/src/shellsort_PilhaDinamica)
 n0: 86521 in 6 places, all below massif's threshold (1.00%)
#-----------
snapshot=11
#-----------
time=4916808206
mem_heap_B=16086521
mem_heap_extra_B=3079
mem_stacks_B=0
heap_tree=empty
#-----------
snapshot=12
#-----------
time=5424030726
mem_heap_B=16086521
mem_heap_extra_B=3079
mem_stacks_B=0
heap_tree=empty
#-----------
snapshot=13
#-----------
time=6092660739
mem_heap_B=16086521
mem_heap_extra_B=3079
mem_stacks_B=0
heap_tree=empty
#-----------
snapshot=14
#-----------
time=6576852557
mem_heap_B=16086547
mem_heap_extra_B=3093
mem_stacks_B=0
heap_tree=empty
#-----------
snapshot=15
#-----------
time=6922704492
mem_heap_B=16086521
mem_heap_extra_B=3079
mem_stacks_B=0
heap_tree=empty
#-----------
snapshot=16
#-----------
time=7337727394
mem_heap_B=16086521
mem_heap_extra_B=3079
mem_stacks_B=0
heap_tree=empty
#-----------
snapshot=17
#-----------
time=7987131991
mem_heap_B=16086521
mem_heap_extra_B=3079
mem_stacks_B=0
heap_tree=empty
#-----------
snapshot=18
#-----------
time=8402156823
mem_heap_B=16086549
mem_heap_extra_B=3091
mem_stacks_B=0
heap_tree=empty
#-----------
snapshot=19
#-----------
time=8886346520
mem_heap_B=16086521
mem_heap_extra_B=3079
mem_stacks_B=0
heap_tree=empty
#-----------
snapshot=20
#-----------
time=9163029239
mem_heap_B=16086521
mem_heap_extra_B=3079
mem_stacks_B=0
heap_tree=empty
#-----------
snapshot=21
#-----------
time=9780277346
mem_heap_B=16086521
mem_heap_extra_B=3079
mem_stacks_B=0
heap_tree=empty
#-----------
snapshot=22
#-----------
time=10187368137
mem_heap_B=16086521
mem_heap_extra_B=3079
mem_stacks_B=0
heap_tree=empty
#-----------
snapshot=23
#-----------
time=10594460975
mem_heap_B=16086521
mem_heap_extra_B=3079
mem_stacks_B=0
heap_tree=empty
#-----------
snapshot=24
#-----------
time=11137251181
mem_heap_B=16086547
mem_heap_extra_B=3093
mem_stacks_B=0
heap_tree=empty
#-----------
snapshot=25
#-----------
time=11564651482
mem_heap_B=77824
mem_heap_extra_B=16
mem_stacks_B=0
heap_tree=empty
#-----------
snapshot=26
#-----------
time=12107443663
mem_heap_B=16086521
mem_heap_extra_B=3079
mem_stacks_B=0
heap_tree=empty
#-----------
snapshot=27
#-----------
time=12785931743
mem_heap_B=16086521
mem_heap_extra_B=3079
mem_stacks_B=0
heap_tree=empty
#-----------
snapshot=28
#-----------
time=13193023343
mem_heap_B=16086521
mem_heap_extra_B=3079
mem_stacks_B=0
heap_tree=empty
#-----------
snapshot=29
#-----------
time=13735811482
mem_heap_B=16086547
mem_heap_extra_B=3093
mem_stacks_B=0
heap_tree=detailed
n2: 16086547 (heap allocation functions) malloc/new/new[], --alloc-fns, etc.
 n1: 16000000 0x10B69D: TesteShellSortPilhaDinamica::carregar(std::__cxx11::basic_string<char, std::char_traits<char>, std::allocator<char> > const&, int) (in /home/deivy-rossi/shellC++/src/shellsort_PilhaDinamica)
  n0: 16000000 0x10A643: main (in /home/deivy-rossi/shellC++/src/shellsort_PilhaDinamica)
 n0: 86547 in 6 places, all below massif's threshold (1.00%)
#-----------
snapshot=30
#-----------
time=14142902623
mem_heap_B=16086521
mem_heap_extra_B=3079
mem_stacks_B=0
heap_tree=empty
#-----------
snapshot=31
#-----------
time=14685691009
mem_heap_B=16086521
mem_heap_extra_B=3079
mem_stacks_B=0
heap_tree=empty
#-----------
snapshot=32
#-----------
time=14957084532
mem_heap_B=16086547
mem_heap_extra_B=3093
mem_stacks_B=0
heap_tree=empty
#-----------
snapshot=33
#-----------
time=15418854759
mem_heap_B=77824
mem_heap_extra_B=16
mem_stacks_B=0
heap_tree=detailed
n3: 77824 (heap allocation functions) malloc/new/new[], --alloc-fns, etc.
 n1: 73728 0x491A38E: ??? (in /usr/lib/x86_64-linux-gnu/libstdc++.so.6.0.33)
  n1: 73728 0x400571E: call_init.part.0 (dl-init.c:74)
   n1: 73728 0x4005823: call_init (dl-init.c:120)
    n1: 73728 0x4005823: _dl_init (dl-init.c:121)
     n0: 73728 0x401F59F: ??? (in /usr/lib/x86_64-linux-gnu/ld-linux-x86-64.so.2)
 n1: 4096 0x4B941B4: _IO_file_doallocate (filedoalloc.c:101)
  n1: 4096 0x4BA4523: _IO_doallocbuf (genops.c:347)
   n1: 4096 0x4BA1F8F: _IO_file_overflow@@GLIBC_2.2.5 (fileops.c:745)
    n1: 4096 0x4BA2AAE: _IO_new_file_xsputn (fileops.c:1244)
     n1: 4096 0x4BA2AAE: _IO_file_xsputn@@GLIBC_2.2.5 (fileops.c:1197)
      n1: 4096 0x4B95A11: fwrite (iofwrite.c:39)
       n1: 4096 0x49B9DC3: std::basic_ostream<char, std::char_traits<char> >& std::__ostream_insert<char, std::char_traits<char> >(std::basic_ostream<char, std::char_traits<char> >&, char const*, long) (in /usr/lib/x86_64-linux-gnu/libstdc++.so.6.0.33)
        n0: 4096 0x10A5E6: main (in /home/deivy-rossi/shellC++/src/shellsort_PilhaDinamica)
 n0: 0 in 5 places, all below massif's threshold (1.00%)
#-----------
snapshot=34
#-----------
time=15961646940
mem_heap_B=16086521
mem_heap_extra_B=3079
mem_stacks_B=0
heap_tree=empty
#-----------
snapshot=35
#-----------
time=16504435957
mem_heap_B=16086521
mem_heap_extra_B=3079
mem_stacks_B=0
heap_tree=empty
#-----------
snapshot=36
#-----------
time=16911528487
mem_heap_B=16086544
mem_heap_extra_B=3096
mem_stacks_B=0
heap_tree=empty
#-----------
snapshot=37
#-----------
time=17454328213
mem_heap_B=16086521
mem_heap_extra_B=3079
mem_stacks_B=0
heap_tree=empty
#-----------
snapshot=38
#-----------
time=18132829737
mem_heap_B=16086521
mem_heap_extra_B=3079
mem_stacks_B=0
heap_tree=detailed
n2: 16086521 (heap allocation functions) malloc/new/new[], --alloc-fns, etc.
 n1: 16000000 0x10B69D: TesteShellSortPilhaDinamica::carregar(std::__cxx11::basic_string<char, std::char_traits<char>, std::allocator<char> > const&, int) (in /home/deivy-rossi/shellC++/src/shellsort_PilhaDinamica)
  n0: 16000000 0x10A643: main (in /home/deivy-rossi/shellC++/src/shellsort_PilhaDinamica)
 n0: 86521 in 6 places, all below massif's threshold (1.00%)
#-----------
snapshot=39
#-----------
time=18811330803
mem_heap_B=16086521
mem_heap_extra_B=3079
mem_stacks_B=0
heap_tree=empty
#-----------
snapshot=40
#-----------
time=19273058013
mem_heap_B=77824
mem_heap_extra_B=16
mem_stacks_B=0
heap_tree=empty
#-----------
snapshot=41
#-----------
time=19951557399
mem_heap_B=16086547
mem_heap_extra_B=3093
mem_stacks_B=0
heap_tree=empty
#-----------
snapshot=42
#-----------
time=20494356485
mem_heap_B=16086521
mem_heap_extra_B=3079
mem_stacks_B=0
heap_tree=empty
#-----------
snapshot=43
#-----------
time=21172856030
mem_heap_B=16086521
mem_heap_extra_B=3079
mem_stacks_B=0
heap_tree=detailed
n2: 16086521 (heap allocation functions) malloc/new/new[], --alloc-fns, etc.
 n1: 16000000 0x10B69D: TesteShellSortPilhaDinamica::carregar(std::__cxx11::basic_string<char, std::char_traits<char>, std::allocator<char> > const&, int) (in /home/deivy-rossi/shellC++/src/shellsort_PilhaDinamica)
  n0: 16000000 0x10A643: main (in /home/deivy-rossi/shellC++/src/shellsort_PilhaDinamica)
 n0: 86521 in 6 places, all below massif's threshold (1.00%)
#-----------
snapshot=44
#-----------
time=21715656987
mem_heap_B=16086521
mem_heap_extra_B=3079
mem_stacks_B=0
heap_tree=empty
#-----------
snapshot=45
#-----------
time=22258457202
mem_heap_B=16086521
mem_heap_extra_B=3079
mem_stacks_B=0
heap_tree=empty
#-----------
snapshot=46
#-----------
time=22665559222
mem_heap_B=16086521
mem_heap_extra_B=3079
mem_stacks_B=0
heap_tree=empty
#-----------
snapshot=47
#-----------
time=23127261270
mem_heap_B=77824
mem_heap_extra_B=16
mem_stacks_B=0
heap_tree=empty
#-----------
snapshot=48
#-----------
time=23805760656
mem_heap_B=16086547
mem_heap_extra_B=3093
mem_stacks_B=0
heap_tree=empty
#-----------
snapshot=49
#-----------
time=24348559742
mem_heap_B=16086521
mem_heap_extra_B=3079
mem_stacks_B=0
heap_tree=empty
#-----------
snapshot=50
#-----------
time=24619955341
mem_heap_B=16086521
mem_heap_extra_B=3079
mem_stacks_B=0
heap_tree=empty
#-----------
snapshot=51
#-----------
time=24891349992
mem_heap_B=16086521
mem_heap_extra_B=3079
mem_stacks_B=0
heap_tree=empty
#-----------
snapshot=52
#-----------
time=25162745017
mem_heap_B=16086521
mem_heap_extra_B=3079
mem_stacks_B=0
heap_tree=empty
#-----------
snapshot=53
#-----------
time=25434138828
mem_heap_B=16086548
mem_heap_extra_B=3092
mem_stacks_B=0
heap_tree=empty
#-----------
snapshot=54
#-----------
time=25705532911
mem_heap_B=16086521
mem_heap_extra_B=3079
mem_stacks_B=0
heap_tree=empty
#-----------
snapshot=55
#-----------
time=25976928812
mem_heap_B=16086521
mem_heap_extra_B=3079
mem_stacks_B=0
heap_tree=empty
#-----------
snapshot=56
#-----------
time=26248322561
mem_heap_B=16086549
mem_heap_extra_B=3091
mem_stacks_B=0
heap_tree=empty
#-----------
snapshot=57
#-----------
time=26519716286
mem_heap_B=16086547
mem_heap_extra_B=3093
mem_stacks_B=0
heap_tree=empty
#-----------
snapshot=58
#-----------
time=26981464521
mem_heap_B=77824
mem_heap_extra_B=16
mem_stacks_B=0
heap_tree=detailed
n3: 77824 (heap allocation functions) malloc/new/new[], --alloc-fns, etc.
 n1: 73728 0x491A38E: ??? (in /usr/lib/x86_64-linux-gnu/libstdc++.so.6.0.33)
  n1: 73728 0x400571E: call_init.part.0 (dl-init.c:74)
   n1: 73728 0x4005823: call_init (dl-init.c:120)
    n1: 73728 0x4005823: _dl_init (dl-init.c:121)
     n0: 73728 0x401F59F: ??? (in /usr/lib/x86_64-linux-gnu/ld-linux-x86-64.so.2)
 n1: 4096 0x4B941B4: _IO_file_doallocate (filedoalloc.c:101)
  n1: 4096 0x4BA4523: _IO_doallocbuf (genops.c:347)
   n1: 4096 0x4BA1F8F: _IO_file_overflow@@GLIBC_2.2.5 (fileops.c:745)
    n1: 4096 0x4BA2AAE: _IO_new_file_xsputn (fileops.c:1244)
     n1: 4096 0x4BA2AAE: _IO_file_xsputn@@GLIBC_2.2.5 (fileops.c:1197)
      n1: 4096 0x4B95A11: fwrite (iofwrite.c:39)
       n1: 4096 0x49B9DC3: std::basic_ostream<char, std::char_traits<char> >& std::__ostream_insert<char, std::char_traits<char> >(std::basic_ostream<char, std::char_traits<char> >&, char const*, long) (in /usr/lib/x86_64-linux-gnu/libstdc++.so.6.0.33)
        n0: 4096 0x10A5E6: main (in /home/deivy-rossi/shellC++/src/shellsort_PilhaDinamica)
 n0: 0 in 5 places, all below massif's threshold (1.00%)
#-----------
snapshot=59
#-----------
time=27252860739
mem_heap_B=16086521
mem_heap_extra_B=3079
mem_stacks_B=0
heap_tree=empty
#-----------
snapshot=60
#-----------
time=27524256702
mem_heap_B=16086521
mem_heap_extra_B=3079
mem_stacks_B=0
heap_tree=empty
#-----------
snapshot=61
#-----------
time=27795651598
mem_heap_B=16086521
mem_heap_extra_B=3079
mem_stacks_B=0
heap_tree=empty
#-----------
snapshot=62
#-----------
time=28067045719
mem_heap_B=16086521
mem_heap_extra_B=3079
mem_stacks_B=0
heap_tree=empty
#-----------
snapshot=63
#-----------
time=28338441152
mem_heap_B=16086521
mem_heap_extra_B=3079
mem_stacks_B=0
heap_tree=empty
#-----------
snapshot=64
#-----------
time=28609836382
mem_heap_B=16086521
mem_heap_extra_B=3079
mem_stacks_B=0
heap_tree=empty
#-----------
snapshot=65
#-----------
time=28881230044
mem_heap_B=16086521
mem_heap_extra_B=3079
mem_stacks_B=0
heap_tree=empty
#-----------
snapshot=66
#-----------
time=29152623583
mem_heap_B=16086521
mem_heap_extra_B=3079
mem_stacks_B=0
heap_tree=empty
#-----------
snapshot=67
#-----------
time=29424017593
mem_heap_B=16086521
mem_heap_extra_B=3079
mem_stacks_B=0
heap_tree=empty
#-----------
snapshot=68
#-----------
time=29695411419
mem_heap_B=16086521
mem_heap_extra_B=3079
mem_stacks_B=0
heap_tree=detailed
n2: 16086521 (heap allocation functions) malloc/new/new[], --alloc-fns, etc.
 n1: 16000000 0x10B69D: TesteShellSortPilhaDinamica::carregar(std::__cxx11::basic_string<char, std::char_traits<char>, std::allocator<char> > const&, int) (in /home/deivy-rossi/shellC++/src/shellsort_PilhaDinamica)
  n0: 16000000 0x10A643: main (in /home/deivy-rossi/shellC++/src/shellsort_PilhaDinamica)
 n0: 86521 in 6 places, all below massif's threshold (1.00%)
#-----------
snapshot=69
#-----------
time=29966805906
mem_heap_B=16086521
mem_heap_extra_B=3079
mem_stacks_B=0
heap_tree=empty
#-----------
snapshot=70
#-----------
time=30238200488
mem_heap_B=16086521
mem_heap_extra_B=3079
mem_stacks_B=0
heap_tree=empty
#-----------
snapshot=71
#-----------
time=30835667772
mem_heap_B=77824
mem_heap_extra_B=16
mem_stacks_B=0
heap_tree=empty
#-----------
snapshot=72
#-----------
time=31107063990
mem_heap_B=16086521
mem_heap_extra_B=3079
mem_stacks_B=0
heap_tree=empty
#-----------
snapshot=73
#-----------
time=31378459953
mem_heap_B=16086521
mem_heap_extra_B=3079
mem_stacks_B=0
heap_tree=empty
#-----------
snapshot=74
#-----------
time=31649854849
mem_heap_B=16086521
mem_heap_extra_B=3079
mem_stacks_B=0
heap_tree=empty
#-----------
snapshot=75
#-----------
time=31921248970
mem_heap_B=16086521
mem_heap_extra_B=3079
mem_stacks_B=0
heap_tree=empty
#-----------
snapshot=76
#-----------
time=32192644403
mem_heap_B=16086521
mem_heap_extra_B=3079
mem_stacks_B=0
heap_tree=empty
#-----------
snapshot=77
#-----------
time=32464039633
mem_heap_B=16086521
mem_heap_extra_B=3079
mem_stacks_B=0
heap_tree=empty
#-----------
snapshot=78
#-----------
time=32735433295
mem_heap_B=16086521
mem_heap_extra_B=3079
mem_stacks_B=0
heap_tree=detailed
n2: 16086521 (heap allocation functions) malloc/new/new[], --alloc-fns, etc.
 n1: 16000000 0x10B69D: TesteShellSortPilhaDinamica::carregar(std::__cxx11::basic_string<char, std::char_traits<char>, std::allocator<char> > const&, int) (in /home/deivy-rossi/shellC++/src/shellsort_PilhaDinamica)
  n0: 16000000 0x10A643: main (in /home/deivy-rossi/shellC++/src/shellsort_PilhaDinamica)
 n0: 86521 in 6 places, all below massif's threshold (1.00%)
#-----------
snapshot=79
#-----------
time=33006826834
mem_heap_B=16086521
mem_heap_extra_B=3079
mem_stacks_B=0
heap_tree=empty
#-----------
snapshot=80
#-----------
time=33278220844
mem_heap_B=16086521
mem_heap_extra_B=3079
mem_stacks_B=0
heap_tree=empty
#-----------
snapshot=81
#-----------
time=33549614670
mem_heap_B=16086521
mem_heap_extra_B=3079
mem_stacks_B=0
heap_tree=empty
#-----------
snapshot=82
#-----------
time=33821009157
mem_heap_B=16086521
mem_heap_extra_B=3079
mem_stacks_B=0
heap_tree=empty
#-----------
snapshot=83
#-----------
time=34092403739
mem_heap_B=16086521
mem_heap_extra_B=3079
mem_stacks_B=0
heap_tree=empty
#-----------
snapshot=84
#-----------
time=34689871046
mem_heap_B=77824
mem_heap_extra_B=16
mem_stacks_B=0
heap_tree=empty
#-----------
snapshot=85
#-----------
time=34961267280
mem_heap_B=16086521
mem_heap_extra_B=3079
mem_stacks_B=0
heap_tree=empty
#-----------
snapshot=86
#-----------
time=35232663243
mem_heap_B=16086521
mem_heap_extra_B=3079
mem_stacks_B=0
heap_tree=empty
#-----------
snapshot=87
#-----------
time=35504058139
mem_heap_B=16086521
mem_heap_extra_B=3079
mem_stacks_B=0
heap_tree=empty
#-----------
snapshot=88
#-----------
time=35775452260
mem_heap_B=16086521
mem_heap_extra_B=3079
mem_stacks_B=0
heap_tree=detailed
n2: 16086521 (heap allocation functions) malloc/new/new[], --alloc-fns, etc.
 n1: 16000000 0x10B69D: TesteShellSortPilhaDinamica::carregar(std::__cxx11::basic_string<char, std::char_traits<char>, std::allocator<char> > const&, int) (in /home/deivy-rossi/shellC++/src/shellsort_PilhaDinamica)
  n0: 16000000 0x10A643: main (in /home/deivy-rossi/shellC++/src/shellsort_PilhaDinamica)
 n0: 86521 in 6 places, all below massif's threshold (1.00%)
#-----------
snapshot=89
#-----------
time=36046847693
mem_heap_B=16086521
mem_heap_extra_B=3079
mem_stacks_B=0
heap_tree=empty
#-----------
snapshot=90
#-----------
time=36318242923
mem_heap_B=16086521
mem_heap_extra_B=3079
mem_stacks_B=0
heap_tree=empty
#-----------
snapshot=91
#-----------
time=36589636585
mem_heap_B=16086521
mem_heap_extra_B=3079
mem_stacks_B=0
heap_tree=empty
#-----------
snapshot=92
#-----------
time=36861030124
mem_heap_B=16086521
mem_heap_extra_B=3079
mem_stacks_B=0
heap_tree=empty
#-----------
snapshot=93
#-----------
time=37132424134
mem_heap_B=16086521
mem_heap_extra_B=3079
mem_stacks_B=0
heap_tree=empty
#-----------
snapshot=94
#-----------
time=37403817960
mem_heap_B=16086521
mem_heap_extra_B=3079
mem_stacks_B=0
heap_tree=empty
#-----------
snapshot=95
#-----------
time=37675212447
mem_heap_B=16086521
mem_heap_extra_B=3079
mem_stacks_B=0
heap_tree=empty
#-----------
snapshot=96
#-----------
time=37946607029
mem_heap_B=16086521
mem_heap_extra_B=3079
mem_stacks_B=0
heap_tree=empty
#-----------
snapshot=97
#-----------
time=38544074329
mem_heap_B=77824
mem_heap_extra_B=16
mem_stacks_B=0
heap_tree=empty
