desc: --massif-out-file=massif_shellsort_ListaDinamica.out
cmd: ./shellsort_ListaDinamica
time_unit: i
#-----------
snapshot=0
#-----------
time=0
mem_heap_B=0
mem_heap_extra_B=0
mem_stacks_B=0
heap_tree=empty
#-----------
snapshot=1
#-----------
time=2038215
mem_heap_B=16086543
mem_heap_extra_B=3097
mem_stacks_B=0
heap_tree=peak
n2: 16086543 (heap allocation functions) malloc/new/new[], --alloc-fns, etc.
 n1: 16000000 0x10B3B2: lerCSV_direto(std::__cxx11::basic_string<char, std::char_traits<char>, std::allocator<char> > const&, ListaDinamica<Usuario>&, int) (in /home/deivy-rossi/shellC++/src/shellsort_ListaDinamica)
  n0: 16000000 0x10A7E6: main (in /home/deivy-rossi/shellC++/src/shellsort_ListaDinamica)
 n0: 86543 in 6 places, all below massif's threshold (1.00%)
#-----------
snapshot=2
#-----------
time=447883237
mem_heap_B=16086521
mem_heap_extra_B=3079
mem_stacks_B=0
heap_tree=empty
#-----------
snapshot=3
#-----------
time=1115122685
mem_heap_B=16086521
mem_heap_extra_B=3079
mem_stacks_B=0
heap_tree=empty
#-----------
snapshot=4
#-----------
time=1729891358
mem_heap_B=16086521
mem_heap_extra_B=3079
mem_stacks_B=0
heap_tree=empty
#-----------
snapshot=5
#-----------
time=2238323546
mem_heap_B=16086521
mem_heap_extra_B=3079
mem_stacks_B=0
heap_tree=empty
#-----------
snapshot=6
#-----------
time=2876843645
mem_heap_B=16086547
mem_heap_extra_B=3093
mem_stacks_B=0
heap_tree=empty
#-----------
snapshot=7
#-----------
time=3515277521
mem_heap_B=16086521
mem_heap_extra_B=3079
mem_stacks_B=0
heap_tree=empty
#-----------
snapshot=8
#-----------
time=4207044267
mem_heap_B=16086521
mem_heap_extra_B=3079
mem_stacks_B=0
heap_tree=empty
#-----------
snapshot=9
#-----------
time=4727152891
mem_heap_B=16086521
mem_heap_extra_B=3079
mem_stacks_B=0
heap_tree=empty
#-----------
snapshot=10
#-----------
time=5530962271
mem_heap_B=16086521
mem_heap_extra_B=3079
mem_stacks_B=0
heap_tree=empty
#-----------
snapshot=11
#-----------
time=6122069591
mem_heap_B=16086521
mem_heap_extra_B=3079
mem_stacks_B=0
heap_tree=empty
#-----------
snapshot=12
#-----------
time=6476815156
mem_heap_B=16086521
mem_heap_extra_B=3079
mem_stacks_B=0
heap_tree=empty
#-----------
snapshot=13
#-----------
time=7115357410
mem_heap_B=16086521
mem_heap_extra_B=3079
mem_stacks_B=0
heap_tree=empty
#-----------
snapshot=14
#-----------
time=7750075483
mem_heap_B=77824
mem_heap_extra_B=16
mem_stacks_B=0
heap_tree=empty
#-----------
snapshot=15
#-----------
time=8104823746
mem_heap_B=16086521
mem_heap_extra_B=3079
mem_stacks_B=0
heap_tree=empty
#-----------
snapshot=16
#-----------
time=8601469219
mem_heap_B=16086521
mem_heap_extra_B=3079
mem_stacks_B=0
heap_tree=empty
#-----------
snapshot=17
#-----------
time=9169060996
mem_heap_B=16086521
mem_heap_extra_B=3079
mem_stacks_B=0
heap_tree=empty
#-----------
snapshot=18
#-----------
time=9854902729
mem_heap_B=16086521
mem_heap_extra_B=3079
mem_stacks_B=0
heap_tree=empty
#-----------
snapshot=19
#-----------
time=10327882600
mem_heap_B=16086547
mem_heap_extra_B=3093
mem_stacks_B=0
heap_tree=empty
#-----------
snapshot=20
#-----------
time=10800867085
mem_heap_B=16086521
mem_heap_extra_B=3079
mem_stacks_B=0
heap_tree=detailed
n2: 16086521 (heap allocation functions) malloc/new/new[], --alloc-fns, etc.
 n1: 16000000 0x10B3B2: lerCSV_direto(std::__cxx11::basic_string<char, std::char_traits<char>, std::allocator<char> > const&, ListaDinamica<Usuario>&, int) (in /home/deivy-rossi/shellC++/src/shellsort_ListaDinamica)
  n0: 16000000 0x10A7E6: main (in /home/deivy-rossi/shellC++/src/shellsort_ListaDinamica)
 n0: 86521 in 6 places, all below massif's threshold (1.00%)
#-----------
snapshot=21
#-----------
time=11273847484
mem_heap_B=16086547
mem_heap_extra_B=3093
mem_stacks_B=0
heap_tree=empty
#-----------
snapshot=22
#-----------
time=11860582810
mem_heap_B=16086521
mem_heap_extra_B=3079
mem_stacks_B=0
heap_tree=empty
#-----------
snapshot=23
#-----------
time=12333566299
mem_heap_B=16086521
mem_heap_extra_B=3079
mem_stacks_B=0
heap_tree=empty
#-----------
snapshot=24
#-----------
time=13043039449
mem_heap_B=16086548
mem_heap_extra_B=3092
mem_stacks_B=0
heap_tree=empty
#-----------
snapshot=25
#-----------
time=13516020551
mem_heap_B=16086521
mem_heap_extra_B=3079
mem_stacks_B=0
heap_tree=empty
#-----------
snapshot=26
#-----------
time=14225494784
mem_heap_B=16086521
mem_heap_extra_B=3079
mem_stacks_B=0
heap_tree=empty
#-----------
snapshot=27
#-----------
time=15053214096
mem_heap_B=16086521
mem_heap_extra_B=3079
mem_stacks_B=0
heap_tree=empty
#-----------
snapshot=28
#-----------
time=15734599698
mem_heap_B=16086521
mem_heap_extra_B=3079
mem_stacks_B=0
heap_tree=empty
#-----------
snapshot=29
#-----------
time=16207583187
mem_heap_B=16086521
mem_heap_extra_B=3079
mem_stacks_B=0
heap_tree=empty
#-----------
snapshot=30
#-----------
time=16633238310
mem_heap_B=16086521
mem_heap_extra_B=3079
mem_stacks_B=0
heap_tree=empty
#-----------
snapshot=31
#-----------
time=17058894077
mem_heap_B=16086521
mem_heap_extra_B=3079
mem_stacks_B=0
heap_tree=empty
#-----------
snapshot=32
#-----------
time=17484548027
mem_heap_B=16086521
mem_heap_extra_B=3079
mem_stacks_B=0
heap_tree=empty
#-----------
snapshot=33
#-----------
time=17910204638
mem_heap_B=16086521
mem_heap_extra_B=3079
mem_stacks_B=0
heap_tree=empty
#-----------
snapshot=34
#-----------
time=18335859167
mem_heap_B=16086547
mem_heap_extra_B=3093
mem_stacks_B=0
heap_tree=empty
#-----------
snapshot=35
#-----------
time=18974341109
mem_heap_B=16086521
mem_heap_extra_B=3079
mem_stacks_B=0
heap_tree=empty
#-----------
snapshot=36
#-----------
time=19584954901
mem_heap_B=16086521
mem_heap_extra_B=3079
mem_stacks_B=0
heap_tree=empty
#-----------
snapshot=37
#-----------
time=20010610661
mem_heap_B=16086521
mem_heap_extra_B=3079
mem_stacks_B=0
heap_tree=empty
#-----------
snapshot=38
#-----------
time=20861919642
mem_heap_B=16086521
mem_heap_extra_B=3079
mem_stacks_B=0
heap_tree=empty
#-----------
snapshot=39
#-----------
time=21500401348
mem_heap_B=16086521
mem_heap_extra_B=3079
mem_stacks_B=0
heap_tree=empty
#-----------
snapshot=40
#-----------
time=22138884642
mem_heap_B=16086521
mem_heap_extra_B=3079
mem_stacks_B=0
heap_tree=empty
#-----------
snapshot=41
#-----------
time=22777368092
mem_heap_B=16086521
mem_heap_extra_B=3079
mem_stacks_B=0
heap_tree=empty
#-----------
snapshot=42
#-----------
time=23246143028
mem_heap_B=77824
mem_heap_extra_B=16
mem_stacks_B=0
heap_tree=empty
#-----------
snapshot=43
#-----------
time=23884627538
mem_heap_B=16086521
mem_heap_extra_B=3079
mem_stacks_B=0
heap_tree=empty
#-----------
snapshot=44
#-----------
time=24735936519
mem_heap_B=16086521
mem_heap_extra_B=3079
mem_stacks_B=0
heap_tree=empty
#-----------
snapshot=45
#-----------
time=25374418225
mem_heap_B=16086521
mem_heap_extra_B=3079
mem_stacks_B=0
heap_tree=empty
#-----------
snapshot=46
#-----------
time=26012901519
mem_heap_B=16086521
mem_heap_extra_B=3079
mem_stacks_B=0
heap_tree=empty
#-----------
snapshot=47
#-----------
time=26651384969
mem_heap_B=16086521
mem_heap_extra_B=3079
mem_stacks_B=0
heap_tree=empty
#-----------
snapshot=48
#-----------
time=27120159922
mem_heap_B=77824
mem_heap_extra_B=16
mem_stacks_B=0
heap_tree=empty
#-----------
snapshot=49
#-----------
time=27545816227
mem_heap_B=16086521
mem_heap_extra_B=3079
mem_stacks_B=0
heap_tree=empty
#-----------
snapshot=50
#-----------
time=27900561824
mem_heap_B=16086521
mem_heap_extra_B=3079
mem_stacks_B=0
heap_tree=empty
#-----------
snapshot=51
#-----------
time=28255309561
mem_heap_B=16086521
mem_heap_extra_B=3079
mem_stacks_B=0
heap_tree=empty
#-----------
snapshot=52
#-----------
time=28610055459
mem_heap_B=16086547
mem_heap_extra_B=3093
mem_stacks_B=0
heap_tree=empty
#-----------
snapshot=53
#-----------
time=28964803567
mem_heap_B=16086521
mem_heap_extra_B=3079
mem_stacks_B=0
heap_tree=empty
#-----------
snapshot=54
#-----------
time=29319550382
mem_heap_B=16086521
mem_heap_extra_B=3079
mem_stacks_B=0
heap_tree=empty
#-----------
snapshot=55
#-----------
time=29674296805
mem_heap_B=16086521
mem_heap_extra_B=3079
mem_stacks_B=0
heap_tree=empty
#-----------
snapshot=56
#-----------
time=30029043043
mem_heap_B=16086547
mem_heap_extra_B=3093
mem_stacks_B=0
heap_tree=empty
#-----------
snapshot=57
#-----------
time=30383789627
mem_heap_B=16086521
mem_heap_extra_B=3079
mem_stacks_B=0
heap_tree=empty
#-----------
snapshot=58
#-----------
time=30994176787
mem_heap_B=77824
mem_heap_extra_B=16
mem_stacks_B=0
heap_tree=detailed
n3: 77824 (heap allocation functions) malloc/new/new[], --alloc-fns, etc.
 n1: 73728 0x491A38E: ??? (in /usr/lib/x86_64-linux-gnu/libstdc++.so.6.0.33)
  n1: 73728 0x400571E: call_init.part.0 (dl-init.c:74)
   n1: 73728 0x4005823: call_init (dl-init.c:120)
    n1: 73728 0x4005823: _dl_init (dl-init.c:121)
     n0: 73728 0x401F59F: ??? (in /usr/lib/x86_64-linux-gnu/ld-linux-x86-64.so.2)
 n1: 4096 0x4B941B4: _IO_file_doallocate (filedoalloc.c:101)
  n1: 4096 0x4BA4523: _IO_doallocbuf (genops.c:347)
   n1: 4096 0x4BA1F8F: _IO_file_overflow@@GLIBC_2.2.5 (fileops.c:745)
    n1: 4096 0x4BA2AAE: _IO_new_file_xsputn (fileops.c:1244)
     n1: 4096 0x4BA2AAE: _IO_file_xsputn@@GLIBC_2.2.5 (fileops.c:1197)
      n1: 4096 0x4B95A11: fwrite (iofwrite.c:39)
       n1: 4096 0x49B9DC3: std::basic_ostream<char, std::char_traits<char> >& std::__ostream_insert<char, std::char_traits<char> >(std::basic_ostream<char, std::char_traits<char> >&, char const*, long) (in /usr/lib/x86_64-linux-gnu/libstdc++.so.6.0.33)
        n0: 4096 0x10A773: main (in /home/deivy-rossi/shellC++/src/shellsort_ListaDinamica)
 n0: 0 in 5 places, all below massif's threshold (1.00%)
#-----------
snapshot=59
#-----------
time=31348925050
mem_heap_B=16086521
mem_heap_extra_B=3079
mem_stacks_B=0
heap_tree=empty
#-----------
snapshot=60
#-----------
time=31703672401
mem_heap_B=16086521
mem_heap_extra_B=3079
mem_stacks_B=0
heap_tree=empty
#-----------
snapshot=61
#-----------
time=32058420708
mem_heap_B=16086521
mem_heap_extra_B=3079
mem_stacks_B=0
heap_tree=empty
#-----------
snapshot=62
#-----------
time=32413166977
mem_heap_B=16086548
mem_heap_extra_B=3092
mem_stacks_B=0
heap_tree=empty
#-----------
snapshot=63
#-----------
time=32767912877
mem_heap_B=16086521
mem_heap_extra_B=3079
mem_stacks_B=0
heap_tree=empty
#-----------
snapshot=64
#-----------
time=33122659062
mem_heap_B=16086521
mem_heap_extra_B=3079
mem_stacks_B=0
heap_tree=empty
#-----------
snapshot=65
#-----------
time=33477405018
mem_heap_B=16086521
mem_heap_extra_B=3079
mem_stacks_B=0
heap_tree=empty
#-----------
snapshot=66
#-----------
time=33832150976
mem_heap_B=16086548
mem_heap_extra_B=3092
mem_stacks_B=0
heap_tree=empty
#-----------
snapshot=67
#-----------
time=34186897526
mem_heap_B=16086521
mem_heap_extra_B=3079
mem_stacks_B=0
heap_tree=empty
#-----------
snapshot=68
#-----------
time=34868193655
mem_heap_B=77824
mem_heap_extra_B=16
mem_stacks_B=0
heap_tree=detailed
n3: 77824 (heap allocation functions) malloc/new/new[], --alloc-fns, etc.
 n1: 73728 0x491A38E: ??? (in /usr/lib/x86_64-linux-gnu/libstdc++.so.6.0.33)
  n1: 73728 0x400571E: call_init.part.0 (dl-init.c:74)
   n1: 73728 0x4005823: call_init (dl-init.c:120)
    n1: 73728 0x4005823: _dl_init (dl-init.c:121)
     n0: 73728 0x401F59F: ??? (in /usr/lib/x86_64-linux-gnu/ld-linux-x86-64.so.2)
 n1: 4096 0x4B941B4: _IO_file_doallocate (filedoalloc.c:101)
  n1: 4096 0x4BA4523: _IO_doallocbuf (genops.c:347)
   n1: 4096 0x4BA1F8F: _IO_file_overflow@@GLIBC_2.2.5 (fileops.c:745)
    n1: 4096 0x4BA2AAE: _IO_new_file_xsputn (fileops.c:1244)
     n1: 4096 0x4BA2AAE: _IO_file_xsputn@@GLIBC_2.2.5 (fileops.c:1197)
      n1: 4096 0x4B95A11: fwrite (iofwrite.c:39)
       n1: 4096 0x49B9DC3: std::basic_ostream<char, std::char_traits<char> >& std::__ostream_insert<char, std::char_traits<char> >(std::basic_ostream<char, std::char_traits<char> >&, char const*, long) (in /usr/lib/x86_64-linux-gnu/libstdc++.so.6.0.33)
        n0: 4096 0x10A773: main (in /home/deivy-rossi/shellC++/src/shellsort_ListaDinamica)
 n0: 0 in 5 places, all below massif's threshold (1.00%)
#-----------
snapshot=69
#-----------
time=35222941934
mem_heap_B=16086521
mem_heap_extra_B=3079
mem_stacks_B=0
heap_tree=empty
#-----------
snapshot=70
#-----------
time=35577689285
mem_heap_B=16086521
mem_heap_extra_B=3079
mem_stacks_B=0
heap_tree=empty
#-----------
snapshot=71
#-----------
time=35932437592
mem_heap_B=16086521
mem_heap_extra_B=3079
mem_stacks_B=0
heap_tree=empty
#-----------
snapshot=72
#-----------
time=36287183861
mem_heap_B=16086548
mem_heap_extra_B=3092
mem_stacks_B=0
heap_tree=empty
#-----------
snapshot=73
#-----------
time=36641929761
mem_heap_B=16086521
mem_heap_extra_B=3079
mem_stacks_B=0
heap_tree=empty
#-----------
snapshot=74
#-----------
time=36996675946
mem_heap_B=16086521
mem_heap_extra_B=3079
mem_stacks_B=0
heap_tree=empty
#-----------
snapshot=75
#-----------
time=37351421902
mem_heap_B=16086521
mem_heap_extra_B=3079
mem_stacks_B=0
heap_tree=empty
#-----------
snapshot=76
#-----------
time=37706167860
mem_heap_B=16086548
mem_heap_extra_B=3092
mem_stacks_B=0
heap_tree=empty
#-----------
snapshot=77
#-----------
time=38060914410
mem_heap_B=16086521
mem_heap_extra_B=3079
mem_stacks_B=0
heap_tree=empty
#-----------
snapshot=78
#-----------
time=38742210559
mem_heap_B=77824
mem_heap_extra_B=16
mem_stacks_B=0
heap_tree=detailed
n3: 77824 (heap allocation functions) malloc/new/new[], --alloc-fns, etc.
 n1: 73728 0x491A38E: ??? (in /usr/lib/x86_64-linux-gnu/libstdc++.so.6.0.33)
  n1: 73728 0x400571E: call_init.part.0 (dl-init.c:74)
   n1: 73728 0x4005823: call_init (dl-init.c:120)
    n1: 73728 0x4005823: _dl_init (dl-init.c:121)
     n0: 73728 0x401F59F: ??? (in /usr/lib/x86_64-linux-gnu/ld-linux-x86-64.so.2)
 n1: 4096 0x4B941B4: _IO_file_doallocate (filedoalloc.c:101)
  n1: 4096 0x4BA4523: _IO_doallocbuf (genops.c:347)
   n1: 4096 0x4BA1F8F: _IO_file_overflow@@GLIBC_2.2.5 (fileops.c:745)
    n1: 4096 0x4BA2AAE: _IO_new_file_xsputn (fileops.c:1244)
     n1: 4096 0x4BA2AAE: _IO_file_xsputn@@GLIBC_2.2.5 (fileops.c:1197)
      n1: 4096 0x4B95A11: fwrite (iofwrite.c:39)
       n1: 4096 0x49B9DC3: std::basic_ostream<char, std::char_traits<char> >& std::__ostream_insert<char, std::char_traits<char> >(std::basic_ostream<char, std::char_traits<char> >&, char const*, long) (in /usr/lib/x86_64-linux-gnu/libstdc++.so.6.0.33)
        n0: 4096 0x10A773: main (in /home/deivy-rossi/shellC++/src/shellsort_ListaDinamica)
 n0: 0 in 5 places, all below massif's threshold (1.00%)
