desc: --massif-out-file=massif_shellsort_FilaEstatica.out
cmd: ./shellsort_FilaEstatica
time_unit: i
#-----------
snapshot=0
#-----------
time=0
mem_heap_B=0
mem_heap_extra_B=0
mem_stacks_B=0
heap_tree=empty
#-----------
snapshot=1
#-----------
time=8039991
mem_heap_B=16082543
mem_heap_extra_B=3089
mem_stacks_B=0
heap_tree=peak
n2: 16082543 (heap allocation functions) malloc/new/new[], --alloc-fns, etc.
 n0: 16000000 0x10A987: main (in /home/deivy-rossi/shellC++/src/shellsort_FilaEstatica)
 n0: 82543 in 5 places, all below massif's threshold (1.00%)
#-----------
snapshot=2
#-----------
time=73633036
mem_heap_B=16082521
mem_heap_extra_B=3071
mem_stacks_B=0
heap_tree=empty
#-----------
snapshot=3
#-----------
time=146686117
mem_heap_B=16082521
mem_heap_extra_B=3071
mem_stacks_B=0
heap_tree=empty
#-----------
snapshot=4
#-----------
time=183607463
mem_heap_B=16082521
mem_heap_extra_B=3071
mem_stacks_B=0
heap_tree=empty
#-----------
snapshot=5
#-----------
time=252464438
mem_heap_B=16082521
mem_heap_extra_B=3071
mem_stacks_B=0
heap_tree=empty
#-----------
snapshot=6
#-----------
time=342955617
mem_heap_B=16082521
mem_heap_extra_B=3071
mem_stacks_B=0
heap_tree=detailed
n2: 16082521 (heap allocation functions) malloc/new/new[], --alloc-fns, etc.
 n0: 16000000 0x10A987: main (in /home/deivy-rossi/shellC++/src/shellsort_FilaEstatica)
 n0: 82521 in 5 places, all below massif's threshold (1.00%)
#-----------
snapshot=7
#-----------
time=393278034
mem_heap_B=16082521
mem_heap_extra_B=3071
mem_stacks_B=0
heap_tree=empty
#-----------
snapshot=8
#-----------
time=460171360
mem_heap_B=16082545
mem_heap_extra_B=3087
mem_stacks_B=0
heap_tree=empty
#-----------
snapshot=9
#-----------
time=501949266
mem_heap_B=16082521
mem_heap_extra_B=3071
mem_stacks_B=0
heap_tree=empty
#-----------
snapshot=10
#-----------
time=585512993
mem_heap_B=16082521
mem_heap_extra_B=3071
mem_stacks_B=0
heap_tree=empty
#-----------
snapshot=11
#-----------
time=644330047
mem_heap_B=16082521
mem_heap_extra_B=3071
mem_stacks_B=0
heap_tree=empty
#-----------
snapshot=12
#-----------
time=721844434
mem_heap_B=16082546
mem_heap_extra_B=3086
mem_stacks_B=0
heap_tree=empty
#-----------
snapshot=13
#-----------
time=776105699
mem_heap_B=16082521
mem_heap_extra_B=3071
mem_stacks_B=0
heap_tree=detailed
n2: 16082521 (heap allocation functions) malloc/new/new[], --alloc-fns, etc.
 n0: 16000000 0x10A987: main (in /home/deivy-rossi/shellC++/src/shellsort_FilaEstatica)
 n0: 82521 in 5 places, all below massif's threshold (1.00%)
#-----------
snapshot=14
#-----------
time=814860776
mem_heap_B=16082548
mem_heap_extra_B=3084
mem_stacks_B=0
heap_tree=empty
#-----------
snapshot=15
#-----------
time=884623784
mem_heap_B=16082521
mem_heap_extra_B=3071
mem_stacks_B=0
heap_tree=empty
#-----------
snapshot=16
#-----------
time=969890597
mem_heap_B=16082521
mem_heap_extra_B=3071
mem_stacks_B=0
heap_tree=empty
#-----------
snapshot=17
#-----------
time=1024151785
mem_heap_B=16082521
mem_heap_extra_B=3071
mem_stacks_B=0
heap_tree=empty
#-----------
snapshot=18
#-----------
time=1088657738
mem_heap_B=16082521
mem_heap_extra_B=3071
mem_stacks_B=0
heap_tree=empty
#-----------
snapshot=19
#-----------
time=1166065601
mem_heap_B=16082521
mem_heap_extra_B=3071
mem_stacks_B=0
heap_tree=empty
#-----------
snapshot=20
#-----------
time=1217671563
mem_heap_B=16082521
mem_heap_extra_B=3071
mem_stacks_B=0
heap_tree=empty
#-----------
snapshot=21
#-----------
time=1295075097
mem_heap_B=16082548
mem_heap_extra_B=3084
mem_stacks_B=0
heap_tree=empty
#-----------
snapshot=22
#-----------
time=1385382908
mem_heap_B=16082521
mem_heap_extra_B=3071
mem_stacks_B=0
heap_tree=detailed
n2: 16082521 (heap allocation functions) malloc/new/new[], --alloc-fns, etc.
 n0: 16000000 0x10A987: main (in /home/deivy-rossi/shellC++/src/shellsort_FilaEstatica)
 n0: 82521 in 5 places, all below massif's threshold (1.00%)
#-----------
snapshot=23
#-----------
time=1436983982
mem_heap_B=16082521
mem_heap_extra_B=3071
mem_stacks_B=0
heap_tree=empty
#-----------
snapshot=24
#-----------
time=1501489244
mem_heap_B=16082521
mem_heap_extra_B=3071
mem_stacks_B=0
heap_tree=empty
#-----------
snapshot=25
#-----------
time=1591797601
mem_heap_B=16082521
mem_heap_extra_B=3071
mem_stacks_B=0
heap_tree=empty
#-----------
snapshot=26
#-----------
time=1669203435
mem_heap_B=16082521
mem_heap_extra_B=3071
mem_stacks_B=0
heap_tree=empty
#-----------
snapshot=27
#-----------
time=1715628354
mem_heap_B=16082521
mem_heap_extra_B=3071
mem_stacks_B=0
heap_tree=empty
#-----------
snapshot=28
#-----------
time=1762057103
mem_heap_B=16082521
mem_heap_extra_B=3071
mem_stacks_B=0
heap_tree=empty
#-----------
snapshot=29
#-----------
time=1808481713
mem_heap_B=16082521
mem_heap_extra_B=3071
mem_stacks_B=0
heap_tree=empty
#-----------
snapshot=30
#-----------
time=1854908025
mem_heap_B=16082521
mem_heap_extra_B=3071
mem_stacks_B=0
heap_tree=detailed
n2: 16082521 (heap allocation functions) malloc/new/new[], --alloc-fns, etc.
 n0: 16000000 0x10A987: main (in /home/deivy-rossi/shellC++/src/shellsort_FilaEstatica)
 n0: 82521 in 5 places, all below massif's threshold (1.00%)
#-----------
snapshot=31
#-----------
time=1901331996
mem_heap_B=16082547
mem_heap_extra_B=3085
mem_stacks_B=0
heap_tree=empty
#-----------
snapshot=32
#-----------
time=1947758415
mem_heap_B=16082521
mem_heap_extra_B=3071
mem_stacks_B=0
heap_tree=empty
#-----------
snapshot=33
#-----------
time=1994183903
mem_heap_B=16082549
mem_heap_extra_B=3083
mem_stacks_B=0
heap_tree=empty
#-----------
snapshot=34
#-----------
time=2087033652
mem_heap_B=16082547
mem_heap_extra_B=3085
mem_stacks_B=0
heap_tree=detailed
n2: 16082547 (heap allocation functions) malloc/new/new[], --alloc-fns, etc.
 n0: 16000000 0x10A987: main (in /home/deivy-rossi/shellC++/src/shellsort_FilaEstatica)
 n0: 82547 in 5 places, all below massif's threshold (1.00%)
#-----------
snapshot=35
#-----------
time=2133459134
mem_heap_B=16082521
mem_heap_extra_B=3071
mem_stacks_B=0
heap_tree=empty
#-----------
snapshot=36
#-----------
time=2179885005
mem_heap_B=16082521
mem_heap_extra_B=3071
mem_stacks_B=0
heap_tree=empty
#-----------
snapshot=37
#-----------
time=2226313443
mem_heap_B=16082521
mem_heap_extra_B=3071
mem_stacks_B=0
heap_tree=empty
#-----------
snapshot=38
#-----------
time=2272738029
mem_heap_B=16082521
mem_heap_extra_B=3071
mem_stacks_B=0
heap_tree=empty
#-----------
snapshot=39
#-----------
time=2319163394
mem_heap_B=16082548
mem_heap_extra_B=3084
mem_stacks_B=0
heap_tree=detailed
n2: 16082548 (heap allocation functions) malloc/new/new[], --alloc-fns, etc.
 n0: 16000000 0x10A987: main (in /home/deivy-rossi/shellC++/src/shellsort_FilaEstatica)
 n0: 82548 in 5 places, all below massif's threshold (1.00%)
#-----------
snapshot=40
#-----------
time=2365590625
mem_heap_B=16082521
mem_heap_extra_B=3071
mem_stacks_B=0
heap_tree=empty
#-----------
snapshot=41
#-----------
time=2412017143
mem_heap_B=16082521
mem_heap_extra_B=3071
mem_stacks_B=0
heap_tree=empty
#-----------
snapshot=42
#-----------
time=2458443164
mem_heap_B=16082521
mem_heap_extra_B=3071
mem_stacks_B=0
heap_tree=empty
#-----------
snapshot=43
#-----------
time=2504867453
mem_heap_B=16082521
mem_heap_extra_B=3071
mem_stacks_B=0
heap_tree=empty
#-----------
snapshot=44
#-----------
time=2551293132
mem_heap_B=16082545
mem_heap_extra_B=3087
mem_stacks_B=0
heap_tree=detailed
n2: 16082545 (heap allocation functions) malloc/new/new[], --alloc-fns, etc.
 n0: 16000000 0x10A987: main (in /home/deivy-rossi/shellC++/src/shellsort_FilaEstatica)
 n0: 82545 in 5 places, all below massif's threshold (1.00%)
#-----------
snapshot=45
#-----------
time=2620931777
mem_heap_B=16082521
mem_heap_extra_B=3071
mem_stacks_B=0
heap_tree=empty
#-----------
snapshot=46
#-----------
time=2667357751
mem_heap_B=16082521
mem_heap_extra_B=3071
mem_stacks_B=0
heap_tree=empty
#-----------
snapshot=47
#-----------
time=2736995595
mem_heap_B=16082547
mem_heap_extra_B=3085
mem_stacks_B=0
heap_tree=empty
#-----------
snapshot=48
#-----------
time=2783421289
mem_heap_B=16082521
mem_heap_extra_B=3071
mem_stacks_B=0
heap_tree=detailed
n2: 16082521 (heap allocation functions) malloc/new/new[], --alloc-fns, etc.
 n0: 16000000 0x10A987: main (in /home/deivy-rossi/shellC++/src/shellsort_FilaEstatica)
 n0: 82521 in 5 places, all below massif's threshold (1.00%)
#-----------
snapshot=49
#-----------
time=2829848567
mem_heap_B=16082521
mem_heap_extra_B=3071
mem_stacks_B=0
heap_tree=empty
#-----------
snapshot=50
#-----------
time=2866770576
mem_heap_B=16082521
mem_heap_extra_B=3071
mem_stacks_B=0
heap_tree=empty
#-----------
snapshot=51
#-----------
time=2903693236
mem_heap_B=16082521
mem_heap_extra_B=3071
mem_stacks_B=0
heap_tree=empty
#-----------
snapshot=52
#-----------
time=2940616607
mem_heap_B=16082521
mem_heap_extra_B=3071
mem_stacks_B=0
heap_tree=empty
#-----------
snapshot=53
#-----------
time=2977539281
mem_heap_B=16082521
mem_heap_extra_B=3071
mem_stacks_B=0
heap_tree=empty
#-----------
snapshot=54
#-----------
time=3014462158
mem_heap_B=16082521
mem_heap_extra_B=3071
mem_stacks_B=0
heap_tree=empty
#-----------
snapshot=55
#-----------
time=3051384833
mem_heap_B=16082521
mem_heap_extra_B=3071
mem_stacks_B=0
heap_tree=empty
#-----------
snapshot=56
#-----------
time=3088307201
mem_heap_B=16082521
mem_heap_extra_B=3071
mem_stacks_B=0
heap_tree=empty
#-----------
snapshot=57
#-----------
time=3125228557
mem_heap_B=16082546
mem_heap_extra_B=3086
mem_stacks_B=0
heap_tree=detailed
n2: 16082546 (heap allocation functions) malloc/new/new[], --alloc-fns, etc.
 n0: 16000000 0x10A987: main (in /home/deivy-rossi/shellC++/src/shellsort_FilaEstatica)
 n0: 82546 in 5 places, all below massif's threshold (1.00%)
#-----------
snapshot=58
#-----------
time=3162151087
mem_heap_B=16082521
mem_heap_extra_B=3071
mem_stacks_B=0
heap_tree=empty
#-----------
snapshot=59
#-----------
time=3199073220
mem_heap_B=16082521
mem_heap_extra_B=3071
mem_stacks_B=0
heap_tree=empty
#-----------
snapshot=60
#-----------
time=3235996994
mem_heap_B=16082521
mem_heap_extra_B=3071
mem_stacks_B=0
heap_tree=empty
#-----------
snapshot=61
#-----------
time=3272920516
mem_heap_B=16082521
mem_heap_extra_B=3071
mem_stacks_B=0
heap_tree=empty
#-----------
snapshot=62
#-----------
time=3309842423
mem_heap_B=16082547
mem_heap_extra_B=3085
mem_stacks_B=0
heap_tree=empty
#-----------
snapshot=63
#-----------
time=3346765277
mem_heap_B=16082521
mem_heap_extra_B=3071
mem_stacks_B=0
heap_tree=empty
#-----------
snapshot=64
#-----------
time=3383689038
mem_heap_B=16082521
mem_heap_extra_B=3071
mem_stacks_B=0
heap_tree=empty
#-----------
snapshot=65
#-----------
time=3420610926
mem_heap_B=16082545
mem_heap_extra_B=3087
mem_stacks_B=0
heap_tree=empty
#-----------
snapshot=66
#-----------
time=3457532983
mem_heap_B=16082521
mem_heap_extra_B=3071
mem_stacks_B=0
heap_tree=empty
#-----------
snapshot=67
#-----------
time=3494456039
mem_heap_B=16082521
mem_heap_extra_B=3071
mem_stacks_B=0
heap_tree=detailed
n2: 16082521 (heap allocation functions) malloc/new/new[], --alloc-fns, etc.
 n0: 16000000 0x10A987: main (in /home/deivy-rossi/shellC++/src/shellsort_FilaEstatica)
 n0: 82521 in 5 places, all below massif's threshold (1.00%)
#-----------
snapshot=68
#-----------
time=3531377663
mem_heap_B=16082547
mem_heap_extra_B=3085
mem_stacks_B=0
heap_tree=empty
#-----------
snapshot=69
#-----------
time=3568299599
mem_heap_B=16082521
mem_heap_extra_B=3071
mem_stacks_B=0
heap_tree=empty
#-----------
snapshot=70
#-----------
time=9130582421
mem_heap_B=77824
mem_heap_extra_B=16
mem_stacks_B=0
heap_tree=empty
