desc: --massif-out-file=massif_shellsort_PilhaEstatica.out
cmd: ./shellsort_PilhaEstatica
time_unit: i
#-----------
snapshot=0
#-----------
time=0
mem_heap_B=0
mem_heap_extra_B=0
mem_stacks_B=0
heap_tree=empty
#-----------
snapshot=1
#-----------
time=2045709
mem_heap_B=16086543
mem_heap_extra_B=3097
mem_stacks_B=0
heap_tree=peak
n2: 16086543 (heap allocation functions) malloc/new/new[], --alloc-fns, etc.
 n0: 16000000 0x10A76F: main (in /home/deivy-rossi/shellC++/src/shellsort_PilhaEstatica)
 n0: 86543 in 6 places, all below massif's threshold (1.00%)
#-----------
snapshot=2
#-----------
time=585770524
mem_heap_B=16086521
mem_heap_extra_B=3079
mem_stacks_B=0
heap_tree=empty
#-----------
snapshot=3
#-----------
time=1044636924
mem_heap_B=16086549
mem_heap_extra_B=3091
mem_stacks_B=0
heap_tree=empty
#-----------
snapshot=4
#-----------
time=1515924545
mem_heap_B=16086521
mem_heap_extra_B=3079
mem_stacks_B=0
heap_tree=empty
#-----------
snapshot=5
#-----------
time=1906485445
mem_heap_B=16086547
mem_heap_extra_B=3093
mem_stacks_B=0
heap_tree=empty
#-----------
snapshot=6
#-----------
time=2445827211
mem_heap_B=16086521
mem_heap_extra_B=3079
mem_stacks_B=0
heap_tree=empty
#-----------
snapshot=7
#-----------
time=2768302015
mem_heap_B=16086547
mem_heap_extra_B=3093
mem_stacks_B=0
heap_tree=empty
#-----------
snapshot=8
#-----------
time=3214805925
mem_heap_B=16086547
mem_heap_extra_B=3093
mem_stacks_B=0
heap_tree=empty
#-----------
snapshot=9
#-----------
time=3887860931
mem_heap_B=77824
mem_heap_extra_B=16
mem_stacks_B=0
heap_tree=empty
#-----------
snapshot=10
#-----------
time=4413901929
mem_heap_B=16086521
mem_heap_extra_B=3079
mem_stacks_B=0
heap_tree=empty
#-----------
snapshot=11
#-----------
time=4791113110
mem_heap_B=16086547
mem_heap_extra_B=3093
mem_stacks_B=0
heap_tree=empty
#-----------
snapshot=12
#-----------
time=5262632523
mem_heap_B=16086521
mem_heap_extra_B=3079
mem_stacks_B=0
heap_tree=empty
#-----------
snapshot=13
#-----------
time=5734143831
mem_heap_B=16086547
mem_heap_extra_B=3093
mem_stacks_B=0
heap_tree=empty
#-----------
snapshot=14
#-----------
time=6443880653
mem_heap_B=16086521
mem_heap_extra_B=3079
mem_stacks_B=0
heap_tree=empty
#-----------
snapshot=15
#-----------
time=6840785815
mem_heap_B=16086546
mem_heap_extra_B=3094
mem_stacks_B=0
heap_tree=detailed
n2: 16086546 (heap allocation functions) malloc/new/new[], --alloc-fns, etc.
 n0: 16000000 0x10A76F: main (in /home/deivy-rossi/shellC++/src/shellsort_PilhaEstatica)
 n0: 86546 in 6 places, all below massif's threshold (1.00%)
#-----------
snapshot=16
#-----------
time=7386528655
mem_heap_B=16086545
mem_heap_extra_B=3095
mem_stacks_B=0
heap_tree=empty
#-----------
snapshot=17
#-----------
time=8120967704
mem_heap_B=16086521
mem_heap_extra_B=3079
mem_stacks_B=0
heap_tree=empty
#-----------
snapshot=18
#-----------
time=8617097981
mem_heap_B=16086549
mem_heap_extra_B=3091
mem_stacks_B=0
heap_tree=empty
#-----------
snapshot=19
#-----------
time=8964392280
mem_heap_B=16086549
mem_heap_extra_B=3091
mem_stacks_B=0
heap_tree=empty
#-----------
snapshot=20
#-----------
time=9495376864
mem_heap_B=16086521
mem_heap_extra_B=3079
mem_stacks_B=0
heap_tree=empty
#-----------
snapshot=21
#-----------
time=9778296603
mem_heap_B=16086521
mem_heap_extra_B=3079
mem_stacks_B=0
heap_tree=empty
#-----------
snapshot=22
#-----------
time=10249828886
mem_heap_B=16086521
mem_heap_extra_B=3079
mem_stacks_B=0
heap_tree=empty
#-----------
snapshot=23
#-----------
time=10815665234
mem_heap_B=16086521
mem_heap_extra_B=3079
mem_stacks_B=0
heap_tree=empty
#-----------
snapshot=24
#-----------
time=11287197660
mem_heap_B=16086545
mem_heap_extra_B=3095
mem_stacks_B=0
heap_tree=empty
#-----------
snapshot=25
#-----------
time=11659484360
mem_heap_B=77824
mem_heap_extra_B=16
mem_stacks_B=0
heap_tree=empty
#-----------
snapshot=26
#-----------
time=12131014247
mem_heap_B=16086547
mem_heap_extra_B=3093
mem_stacks_B=0
heap_tree=empty
#-----------
snapshot=27
#-----------
time=12696849172
mem_heap_B=16086521
mem_heap_extra_B=3079
mem_stacks_B=0
heap_tree=empty
#-----------
snapshot=28
#-----------
time=13356989744
mem_heap_B=16086521
mem_heap_extra_B=3079
mem_stacks_B=0
heap_tree=empty
#-----------
snapshot=29
#-----------
time=13922828056
mem_heap_B=16086521
mem_heap_extra_B=3079
mem_stacks_B=0
heap_tree=empty
#-----------
snapshot=30
#-----------
time=14577816215
mem_heap_B=16086521
mem_heap_extra_B=3079
mem_stacks_B=0
heap_tree=empty
#-----------
snapshot=31
#-----------
time=15135923105
mem_heap_B=16086521
mem_heap_extra_B=3079
mem_stacks_B=0
heap_tree=empty
#-----------
snapshot=32
#-----------
time=15545296080
mem_heap_B=77824
mem_heap_extra_B=16
mem_stacks_B=0
heap_tree=empty
#-----------
snapshot=33
#-----------
time=16103401638
mem_heap_B=16086521
mem_heap_extra_B=3079
mem_stacks_B=0
heap_tree=detailed
n2: 16086521 (heap allocation functions) malloc/new/new[], --alloc-fns, etc.
 n0: 16000000 0x10A76F: main (in /home/deivy-rossi/shellC++/src/shellsort_PilhaEstatica)
 n0: 86521 in 6 places, all below massif's threshold (1.00%)
#-----------
snapshot=34
#-----------
time=16475470756
mem_heap_B=16086547
mem_heap_extra_B=3093
mem_stacks_B=0
heap_tree=empty
#-----------
snapshot=35
#-----------
time=17033574305
mem_heap_B=16086545
mem_heap_extra_B=3095
mem_stacks_B=0
heap_tree=empty
#-----------
snapshot=36
#-----------
time=17777711399
mem_heap_B=16086521
mem_heap_extra_B=3079
mem_stacks_B=0
heap_tree=empty
#-----------
snapshot=37
#-----------
time=18149779933
mem_heap_B=16086521
mem_heap_extra_B=3079
mem_stacks_B=0
heap_tree=empty
#-----------
snapshot=38
#-----------
time=18893919411
mem_heap_B=16086521
mem_heap_extra_B=3079
mem_stacks_B=0
heap_tree=empty
#-----------
snapshot=39
#-----------
time=19431107771
mem_heap_B=77824
mem_heap_extra_B=16
mem_stacks_B=0
heap_tree=empty
#-----------
snapshot=40
#-----------
time=19989213329
mem_heap_B=16086521
mem_heap_extra_B=3079
mem_stacks_B=0
heap_tree=empty
#-----------
snapshot=41
#-----------
time=20361282447
mem_heap_B=16086547
mem_heap_extra_B=3093
mem_stacks_B=0
heap_tree=empty
#-----------
snapshot=42
#-----------
time=20919385996
mem_heap_B=16086545
mem_heap_extra_B=3095
mem_stacks_B=0
heap_tree=empty
#-----------
snapshot=43
#-----------
time=21663523090
mem_heap_B=16086521
mem_heap_extra_B=3079
mem_stacks_B=0
heap_tree=empty
#-----------
snapshot=44
#-----------
time=22035591624
mem_heap_B=16086521
mem_heap_extra_B=3079
mem_stacks_B=0
heap_tree=detailed
n2: 16086521 (heap allocation functions) malloc/new/new[], --alloc-fns, etc.
 n0: 16000000 0x10A76F: main (in /home/deivy-rossi/shellC++/src/shellsort_PilhaEstatica)
 n0: 86521 in 6 places, all below massif's threshold (1.00%)
#-----------
snapshot=45
#-----------
time=22407662588
mem_heap_B=16086521
mem_heap_extra_B=3079
mem_stacks_B=0
heap_tree=empty
#-----------
snapshot=46
#-----------
time=22779731102
mem_heap_B=16086521
mem_heap_extra_B=3079
mem_stacks_B=0
heap_tree=empty
#-----------
snapshot=47
#-----------
time=23316919462
mem_heap_B=77824
mem_heap_extra_B=16
mem_stacks_B=0
heap_tree=empty
#-----------
snapshot=48
#-----------
time=23875025020
mem_heap_B=16086521
mem_heap_extra_B=3079
mem_stacks_B=0
heap_tree=empty
#-----------
snapshot=49
#-----------
time=24433128873
mem_heap_B=16086547
mem_heap_extra_B=3093
mem_stacks_B=0
heap_tree=empty
#-----------
snapshot=50
#-----------
time=24716049171
mem_heap_B=16086521
mem_heap_extra_B=3079
mem_stacks_B=0
heap_tree=empty
#-----------
snapshot=51
#-----------
time=24998969039
mem_heap_B=16086547
mem_heap_extra_B=3093
mem_stacks_B=0
heap_tree=empty
#-----------
snapshot=52
#-----------
time=25281889966
mem_heap_B=16086521
mem_heap_extra_B=3079
mem_stacks_B=0
heap_tree=empty
#-----------
snapshot=53
#-----------
time=25564811830
mem_heap_B=16086521
mem_heap_extra_B=3079
mem_stacks_B=0
heap_tree=empty
#-----------
snapshot=54
#-----------
time=25847732010
mem_heap_B=16086521
mem_heap_extra_B=3079
mem_stacks_B=0
heap_tree=empty
#-----------
snapshot=55
#-----------
time=26130652539
mem_heap_B=16086546
mem_heap_extra_B=3094
mem_stacks_B=0
heap_tree=empty
#-----------
snapshot=56
#-----------
time=26413573457
mem_heap_B=16086521
mem_heap_extra_B=3079
mem_stacks_B=0
heap_tree=empty
#-----------
snapshot=57
#-----------
time=26696493562
mem_heap_B=16086521
mem_heap_extra_B=3079
mem_stacks_B=0
heap_tree=empty
#-----------
snapshot=58
#-----------
time=27202731176
mem_heap_B=77824
mem_heap_extra_B=16
mem_stacks_B=0
heap_tree=detailed
n3: 77824 (heap allocation functions) malloc/new/new[], --alloc-fns, etc.
 n1: 73728 0x491A38E: ??? (in /usr/lib/x86_64-linux-gnu/libstdc++.so.6.0.33)
  n1: 73728 0x400571E: call_init.part.0 (dl-init.c:74)
   n1: 73728 0x4005823: call_init (dl-init.c:120)
    n1: 73728 0x4005823: _dl_init (dl-init.c:121)
     n0: 73728 0x401F59F: ??? (in /usr/lib/x86_64-linux-gnu/ld-linux-x86-64.so.2)
 n1: 4096 0x4B941B4: _IO_file_doallocate (filedoalloc.c:101)
  n1: 4096 0x4BA4523: _IO_doallocbuf (genops.c:347)
   n1: 4096 0x4BA1F8F: _IO_file_overflow@@GLIBC_2.2.5 (fileops.c:745)
    n1: 4096 0x4BA2AAE: _IO_new_file_xsputn (fileops.c:1244)
     n1: 4096 0x4BA2AAE: _IO_file_xsputn@@GLIBC_2.2.5 (fileops.c:1197)
      n1: 4096 0x4B95A11: fwrite (iofwrite.c:39)
       n1: 4096 0x49B9DC3: std::basic_ostream<char, std::char_traits<char> >& std::__ostream_insert<char, std::char_traits<char> >(std::basic_ostream<char, std::char_traits<char> >&, char const*, long) (in /usr/lib/x86_64-linux-gnu/libstdc++.so.6.0.33)
        n0: 4096 0x10A736: main (in /home/deivy-rossi/shellC++/src/shellsort_PilhaEstatica)
 n0: 0 in 5 places, all below massif's threshold (1.00%)
#-----------
snapshot=59
#-----------
time=27485650926
mem_heap_B=16086547
mem_heap_extra_B=3093
mem_stacks_B=0
heap_tree=empty
#-----------
snapshot=60
#-----------
time=27768570803
mem_heap_B=16086521
mem_heap_extra_B=3079
mem_stacks_B=0
heap_tree=empty
#-----------
snapshot=61
#-----------
time=28051492911
mem_heap_B=16086521
mem_heap_extra_B=3079
mem_stacks_B=0
heap_tree=empty
#-----------
snapshot=62
#-----------
time=28334414304
mem_heap_B=16086521
mem_heap_extra_B=3079
mem_stacks_B=0
heap_tree=empty
#-----------
snapshot=63
#-----------
time=28617334734
mem_heap_B=16086521
mem_heap_extra_B=3079
mem_stacks_B=0
heap_tree=empty
#-----------
snapshot=64
#-----------
time=28900254521
mem_heap_B=16086521
mem_heap_extra_B=3079
mem_stacks_B=0
heap_tree=empty
#-----------
snapshot=65
#-----------
time=29183175669
mem_heap_B=16086521
mem_heap_extra_B=3079
mem_stacks_B=0
heap_tree=empty
#-----------
snapshot=66
#-----------
time=29466096274
mem_heap_B=16086521
mem_heap_extra_B=3079
mem_stacks_B=0
heap_tree=empty
#-----------
snapshot=67
#-----------
time=29749016660
mem_heap_B=16086547
mem_heap_extra_B=3093
mem_stacks_B=0
heap_tree=empty
#-----------
snapshot=68
#-----------
time=30031937224
mem_heap_B=16086547
mem_heap_extra_B=3093
mem_stacks_B=0
heap_tree=detailed
n2: 16086547 (heap allocation functions) malloc/new/new[], --alloc-fns, etc.
 n0: 16000000 0x10A76F: main (in /home/deivy-rossi/shellC++/src/shellsort_PilhaEstatica)
 n0: 86547 in 6 places, all below massif's threshold (1.00%)
#-----------
snapshot=69
#-----------
time=30314857105
mem_heap_B=16086548
mem_heap_extra_B=3092
mem_stacks_B=0
heap_tree=empty
#-----------
snapshot=70
#-----------
time=30597776965
mem_heap_B=16086547
mem_heap_extra_B=3093
mem_stacks_B=0
heap_tree=empty
#-----------
snapshot=71
#-----------
time=31088542902
mem_heap_B=77824
mem_heap_extra_B=16
mem_stacks_B=0
heap_tree=empty
#-----------
snapshot=72
#-----------
time=31371462652
mem_heap_B=16086547
mem_heap_extra_B=3093
mem_stacks_B=0
heap_tree=empty
#-----------
snapshot=73
#-----------
time=31654382529
mem_heap_B=16086521
mem_heap_extra_B=3079
mem_stacks_B=0
heap_tree=empty
#-----------
snapshot=74
#-----------
time=31937304637
mem_heap_B=16086521
mem_heap_extra_B=3079
mem_stacks_B=0
heap_tree=empty
#-----------
snapshot=75
#-----------
time=32220226030
mem_heap_B=16086521
mem_heap_extra_B=3079
mem_stacks_B=0
heap_tree=empty
#-----------
snapshot=76
#-----------
time=32503146460
mem_heap_B=16086521
mem_heap_extra_B=3079
mem_stacks_B=0
heap_tree=empty
#-----------
snapshot=77
#-----------
time=32786066247
mem_heap_B=16086521
mem_heap_extra_B=3079
mem_stacks_B=0
heap_tree=empty
#-----------
snapshot=78
#-----------
time=33068987395
mem_heap_B=16086521
mem_heap_extra_B=3079
mem_stacks_B=0
heap_tree=detailed
n2: 16086521 (heap allocation functions) malloc/new/new[], --alloc-fns, etc.
 n0: 16000000 0x10A76F: main (in /home/deivy-rossi/shellC++/src/shellsort_PilhaEstatica)
 n0: 86521 in 6 places, all below massif's threshold (1.00%)
#-----------
snapshot=79
#-----------
time=33351908000
mem_heap_B=16086521
mem_heap_extra_B=3079
mem_stacks_B=0
heap_tree=empty
#-----------
snapshot=80
#-----------
time=33634828386
mem_heap_B=16086547
mem_heap_extra_B=3093
mem_stacks_B=0
heap_tree=empty
#-----------
snapshot=81
#-----------
time=33917748950
mem_heap_B=16086547
mem_heap_extra_B=3093
mem_stacks_B=0
heap_tree=empty
#-----------
snapshot=82
#-----------
time=34200668831
mem_heap_B=16086548
mem_heap_extra_B=3092
mem_stacks_B=0
heap_tree=empty
#-----------
snapshot=83
#-----------
time=34483588691
mem_heap_B=16086547
mem_heap_extra_B=3093
mem_stacks_B=0
heap_tree=empty
#-----------
snapshot=84
#-----------
time=34974354628
mem_heap_B=77824
mem_heap_extra_B=16
mem_stacks_B=0
heap_tree=empty
#-----------
snapshot=85
#-----------
time=35257274394
mem_heap_B=16086547
mem_heap_extra_B=3093
mem_stacks_B=0
heap_tree=empty
#-----------
snapshot=86
#-----------
time=35540194271
mem_heap_B=16086521
mem_heap_extra_B=3079
mem_stacks_B=0
heap_tree=empty
#-----------
snapshot=87
#-----------
time=35823116379
mem_heap_B=16086521
mem_heap_extra_B=3079
mem_stacks_B=0
heap_tree=empty
#-----------
snapshot=88
#-----------
time=36106037772
mem_heap_B=16086521
mem_heap_extra_B=3079
mem_stacks_B=0
heap_tree=detailed
n2: 16086521 (heap allocation functions) malloc/new/new[], --alloc-fns, etc.
 n0: 16000000 0x10A76F: main (in /home/deivy-rossi/shellC++/src/shellsort_PilhaEstatica)
 n0: 86521 in 6 places, all below massif's threshold (1.00%)
#-----------
snapshot=89
#-----------
time=36388958202
mem_heap_B=16086521
mem_heap_extra_B=3079
mem_stacks_B=0
heap_tree=empty
#-----------
snapshot=90
#-----------
time=36671877989
mem_heap_B=16086521
mem_heap_extra_B=3079
mem_stacks_B=0
heap_tree=empty
#-----------
snapshot=91
#-----------
time=36954799137
mem_heap_B=16086521
mem_heap_extra_B=3079
mem_stacks_B=0
heap_tree=empty
#-----------
snapshot=92
#-----------
time=37237719742
mem_heap_B=16086521
mem_heap_extra_B=3079
mem_stacks_B=0
heap_tree=empty
#-----------
snapshot=93
#-----------
time=37520640128
mem_heap_B=16086547
mem_heap_extra_B=3093
mem_stacks_B=0
heap_tree=empty
#-----------
snapshot=94
#-----------
time=37803560692
mem_heap_B=16086547
mem_heap_extra_B=3093
mem_stacks_B=0
heap_tree=empty
#-----------
snapshot=95
#-----------
time=38086480573
mem_heap_B=16086548
mem_heap_extra_B=3092
mem_stacks_B=0
heap_tree=empty
#-----------
snapshot=96
#-----------
time=38369400433
mem_heap_B=16086547
mem_heap_extra_B=3093
mem_stacks_B=0
heap_tree=empty
#-----------
snapshot=97
#-----------
time=38860166335
mem_heap_B=77824
mem_heap_extra_B=16
mem_stacks_B=0
heap_tree=empty
