desc: --massif-out-file=massif_shellsort_ListaEstatica.out
cmd: ./shellsort_ListaEstatica
time_unit: i
#-----------
snapshot=0
#-----------
time=0
mem_heap_B=0
mem_heap_extra_B=0
mem_stacks_B=0
heap_tree=empty
#-----------
snapshot=1
#-----------
time=2044651
mem_heap_B=16086543
mem_heap_extra_B=3097
mem_stacks_B=0
heap_tree=peak
n2: 16086543 (heap allocation functions) malloc/new/new[], --alloc-fns, etc.
 n0: 16000000 0x10A898: main (in /home/deivy-rossi/shellC++/src/shellsort_ListaEstatica)
 n0: 86543 in 6 places, all below massif's threshold (1.00%)
#-----------
snapshot=2
#-----------
time=627432051
mem_heap_B=16086521
mem_heap_extra_B=3079
mem_stacks_B=0
heap_tree=empty
#-----------
snapshot=3
#-----------
time=1180131555
mem_heap_B=16086521
mem_heap_extra_B=3079
mem_stacks_B=0
heap_tree=empty
#-----------
snapshot=4
#-----------
time=1575244471
mem_heap_B=16086521
mem_heap_extra_B=3079
mem_stacks_B=0
heap_tree=empty
#-----------
snapshot=5
#-----------
time=2211315788
mem_heap_B=16086521
mem_heap_extra_B=3079
mem_stacks_B=0
heap_tree=empty
#-----------
snapshot=6
#-----------
time=2654640827
mem_heap_B=16086521
mem_heap_extra_B=3079
mem_stacks_B=0
heap_tree=empty
#-----------
snapshot=7
#-----------
time=3198650930
mem_heap_B=16086521
mem_heap_extra_B=3079
mem_stacks_B=0
heap_tree=empty
#-----------
snapshot=8
#-----------
time=3886064992
mem_heap_B=77824
mem_heap_extra_B=16
mem_stacks_B=0
heap_tree=empty
#-----------
snapshot=9
#-----------
time=4348473348
mem_heap_B=16086521
mem_heap_extra_B=3079
mem_stacks_B=0
heap_tree=empty
#-----------
snapshot=10
#-----------
time=5074444448
mem_heap_B=16086521
mem_heap_extra_B=3079
mem_stacks_B=0
heap_tree=empty
#-----------
snapshot=11
#-----------
time=5644848145
mem_heap_B=16086521
mem_heap_extra_B=3079
mem_stacks_B=0
heap_tree=empty
#-----------
snapshot=12
#-----------
time=6215249908
mem_heap_B=16086545
mem_heap_extra_B=3095
mem_stacks_B=0
heap_tree=empty
#-----------
snapshot=13
#-----------
time=6733795972
mem_heap_B=16086548
mem_heap_extra_B=3092
mem_stacks_B=0
heap_tree=empty
#-----------
snapshot=14
#-----------
time=7403819941
mem_heap_B=16086521
mem_heap_extra_B=3079
mem_stacks_B=0
heap_tree=empty
#-----------
snapshot=15
#-----------
time=8001381989
mem_heap_B=16086547
mem_heap_extra_B=3093
mem_stacks_B=0
heap_tree=empty
#-----------
snapshot=16
#-----------
time=8541083820
mem_heap_B=16086548
mem_heap_extra_B=3092
mem_stacks_B=0
heap_tree=empty
#-----------
snapshot=17
#-----------
time=9234987003
mem_heap_B=16086521
mem_heap_extra_B=3079
mem_stacks_B=0
heap_tree=empty
#-----------
snapshot=18
#-----------
time=9620490745
mem_heap_B=16086521
mem_heap_extra_B=3079
mem_stacks_B=0
heap_tree=empty
#-----------
snapshot=19
#-----------
time=10083093135
mem_heap_B=16086521
mem_heap_extra_B=3079
mem_stacks_B=0
heap_tree=empty
#-----------
snapshot=20
#-----------
time=10699895098
mem_heap_B=16086521
mem_heap_extra_B=3079
mem_stacks_B=0
heap_tree=empty
#-----------
snapshot=21
#-----------
time=11085396024
mem_heap_B=16086547
mem_heap_extra_B=3093
mem_stacks_B=0
heap_tree=empty
#-----------
snapshot=22
#-----------
time=11654098668
mem_heap_B=77824
mem_heap_extra_B=16
mem_stacks_B=0
heap_tree=empty
#-----------
snapshot=23
#-----------
time=12172660836
mem_heap_B=16086546
mem_heap_extra_B=3094
mem_stacks_B=0
heap_tree=empty
#-----------
snapshot=24
#-----------
time=12691226518
mem_heap_B=16086521
mem_heap_extra_B=3079
mem_stacks_B=0
heap_tree=empty
#-----------
snapshot=25
#-----------
time=13106079035
mem_heap_B=16086521
mem_heap_extra_B=3079
mem_stacks_B=0
heap_tree=empty
#-----------
snapshot=26
#-----------
time=13832064987
mem_heap_B=16086521
mem_heap_extra_B=3079
mem_stacks_B=0
heap_tree=empty
#-----------
snapshot=27
#-----------
time=14454339778
mem_heap_B=16086547
mem_heap_extra_B=3093
mem_stacks_B=0
heap_tree=empty
#-----------
snapshot=28
#-----------
time=14869191191
mem_heap_B=16086521
mem_heap_extra_B=3079
mem_stacks_B=0
heap_tree=empty
#-----------
snapshot=29
#-----------
time=15538115505
mem_heap_B=77824
mem_heap_extra_B=16
mem_stacks_B=0
heap_tree=empty
#-----------
snapshot=30
#-----------
time=16056677673
mem_heap_B=16086546
mem_heap_extra_B=3094
mem_stacks_B=0
heap_tree=empty
#-----------
snapshot=31
#-----------
time=16782669781
mem_heap_B=16086521
mem_heap_extra_B=3079
mem_stacks_B=0
heap_tree=empty
#-----------
snapshot=32
#-----------
time=17197522613
mem_heap_B=16086521
mem_heap_extra_B=3079
mem_stacks_B=0
heap_tree=empty
#-----------
snapshot=33
#-----------
time=17612376257
mem_heap_B=16086521
mem_heap_extra_B=3079
mem_stacks_B=0
heap_tree=empty
#-----------
snapshot=34
#-----------
time=18027229582
mem_heap_B=16086521
mem_heap_extra_B=3079
mem_stacks_B=0
heap_tree=empty
#-----------
snapshot=35
#-----------
time=18856932690
mem_heap_B=16086521
mem_heap_extra_B=3079
mem_stacks_B=0
heap_tree=empty
#-----------
snapshot=36
#-----------
time=19422132353
mem_heap_B=77824
mem_heap_extra_B=16
mem_stacks_B=0
heap_tree=empty
#-----------
snapshot=37
#-----------
time=19836985284
mem_heap_B=16086521
mem_heap_extra_B=3079
mem_stacks_B=0
heap_tree=empty
#-----------
snapshot=38
#-----------
time=20459263660
mem_heap_B=16086521
mem_heap_extra_B=3079
mem_stacks_B=0
heap_tree=empty
#-----------
snapshot=39
#-----------
time=21288969378
mem_heap_B=16086521
mem_heap_extra_B=3079
mem_stacks_B=0
heap_tree=empty
#-----------
snapshot=40
#-----------
time=21703824556
mem_heap_B=16086521
mem_heap_extra_B=3079
mem_stacks_B=0
heap_tree=empty
#-----------
snapshot=41
#-----------
time=22533527023
mem_heap_B=16086521
mem_heap_extra_B=3079
mem_stacks_B=0
heap_tree=empty
#-----------
snapshot=42
#-----------
time=23306149217
mem_heap_B=77824
mem_heap_extra_B=16
mem_stacks_B=0
heap_tree=empty
#-----------
snapshot=43
#-----------
time=23721002148
mem_heap_B=16086521
mem_heap_extra_B=3079
mem_stacks_B=0
heap_tree=empty
#-----------
snapshot=44
#-----------
time=24343280524
mem_heap_B=16086521
mem_heap_extra_B=3079
mem_stacks_B=0
heap_tree=empty
#-----------
snapshot=45
#-----------
time=25172986242
mem_heap_B=16086521
mem_heap_extra_B=3079
mem_stacks_B=0
heap_tree=detailed
n2: 16086521 (heap allocation functions) malloc/new/new[], --alloc-fns, etc.
 n0: 16000000 0x10A898: main (in /home/deivy-rossi/shellC++/src/shellsort_ListaEstatica)
 n0: 86521 in 6 places, all below massif's threshold (1.00%)
#-----------
snapshot=46
#-----------
time=25587841420
mem_heap_B=16086521
mem_heap_extra_B=3079
mem_stacks_B=0
heap_tree=empty
#-----------
snapshot=47
#-----------
time=26417543887
mem_heap_B=16086521
mem_heap_extra_B=3079
mem_stacks_B=0
heap_tree=empty
#-----------
snapshot=48
#-----------
time=27190166065
mem_heap_B=77824
mem_heap_extra_B=16
mem_stacks_B=0
heap_tree=empty
#-----------
snapshot=49
#-----------
time=27605018996
mem_heap_B=16086521
mem_heap_extra_B=3079
mem_stacks_B=0
heap_tree=empty
#-----------
snapshot=50
#-----------
time=27990520190
mem_heap_B=16086521
mem_heap_extra_B=3079
mem_stacks_B=0
heap_tree=empty
#-----------
snapshot=51
#-----------
time=28376023166
mem_heap_B=16086521
mem_heap_extra_B=3079
mem_stacks_B=0
heap_tree=empty
#-----------
snapshot=52
#-----------
time=28761524865
mem_heap_B=16086521
mem_heap_extra_B=3079
mem_stacks_B=0
heap_tree=empty
#-----------
snapshot=53
#-----------
time=29147027285
mem_heap_B=16086521
mem_heap_extra_B=3079
mem_stacks_B=0
heap_tree=empty
#-----------
snapshot=54
#-----------
time=29532530405
mem_heap_B=16086521
mem_heap_extra_B=3079
mem_stacks_B=0
heap_tree=empty
#-----------
snapshot=55
#-----------
time=29918033687
mem_heap_B=16086521
mem_heap_extra_B=3079
mem_stacks_B=0
heap_tree=empty
#-----------
snapshot=56
#-----------
time=30303535683
mem_heap_B=16086521
mem_heap_extra_B=3079
mem_stacks_B=0
heap_tree=empty
#-----------
snapshot=57
#-----------
time=30689037347
mem_heap_B=16086521
mem_heap_extra_B=3079
mem_stacks_B=0
heap_tree=empty
#-----------
snapshot=58
#-----------
time=31074539201
mem_heap_B=16086544
mem_heap_extra_B=3096
mem_stacks_B=0
heap_tree=detailed
n2: 16086544 (heap allocation functions) malloc/new/new[], --alloc-fns, etc.
 n0: 16000000 0x10A898: main (in /home/deivy-rossi/shellC++/src/shellsort_ListaEstatica)
 n0: 86544 in 6 places, all below massif's threshold (1.00%)
#-----------
snapshot=59
#-----------
time=31460042623
mem_heap_B=16086521
mem_heap_extra_B=3079
mem_stacks_B=0
heap_tree=empty
#-----------
snapshot=60
#-----------
time=31845544896
mem_heap_B=16086521
mem_heap_extra_B=3079
mem_stacks_B=0
heap_tree=empty
#-----------
snapshot=61
#-----------
time=32231046552
mem_heap_B=16086546
mem_heap_extra_B=3094
mem_stacks_B=0
heap_tree=empty
#-----------
snapshot=62
#-----------
time=32616548977
mem_heap_B=16086521
mem_heap_extra_B=3079
mem_stacks_B=0
heap_tree=empty
#-----------
snapshot=63
#-----------
time=33002050393
mem_heap_B=16086548
mem_heap_extra_B=3092
mem_stacks_B=0
heap_tree=empty
#-----------
snapshot=64
#-----------
time=33387552869
mem_heap_B=16086521
mem_heap_extra_B=3079
mem_stacks_B=0
heap_tree=empty
#-----------
snapshot=65
#-----------
time=33773054205
mem_heap_B=16086547
mem_heap_extra_B=3093
mem_stacks_B=0
heap_tree=empty
#-----------
snapshot=66
#-----------
time=34158556830
mem_heap_B=16086521
mem_heap_extra_B=3079
mem_stacks_B=0
heap_tree=empty
#-----------
snapshot=67
#-----------
time=34544058025
mem_heap_B=16086521
mem_heap_extra_B=3079
mem_stacks_B=0
heap_tree=empty
#-----------
snapshot=68
#-----------
time=34958199761
mem_heap_B=77824
mem_heap_extra_B=16
mem_stacks_B=0
heap_tree=detailed
n3: 77824 (heap allocation functions) malloc/new/new[], --alloc-fns, etc.
 n1: 73728 0x491A38E: ??? (in /usr/lib/x86_64-linux-gnu/libstdc++.so.6.0.33)
  n1: 73728 0x400571E: call_init.part.0 (dl-init.c:74)
   n1: 73728 0x4005823: call_init (dl-init.c:120)
    n1: 73728 0x4005823: _dl_init (dl-init.c:121)
     n0: 73728 0x401F59F: ??? (in /usr/lib/x86_64-linux-gnu/ld-linux-x86-64.so.2)
 n1: 4096 0x4B941B4: _IO_file_doallocate (filedoalloc.c:101)
  n1: 4096 0x4BA4523: _IO_doallocbuf (genops.c:347)
   n1: 4096 0x4BA1F8F: _IO_file_overflow@@GLIBC_2.2.5 (fileops.c:745)
    n1: 4096 0x4BA2AAE: _IO_new_file_xsputn (fileops.c:1244)
     n1: 4096 0x4BA2AAE: _IO_file_xsputn@@GLIBC_2.2.5 (fileops.c:1197)
      n1: 4096 0x4B95A11: fwrite (iofwrite.c:39)
       n1: 4096 0x49B9DC3: std::basic_ostream<char, std::char_traits<char> >& std::__ostream_insert<char, std::char_traits<char> >(std::basic_ostream<char, std::char_traits<char> >&, char const*, long) (in /usr/lib/x86_64-linux-gnu/libstdc++.so.6.0.33)
        n0: 4096 0x10A862: main (in /home/deivy-rossi/shellC++/src/shellsort_ListaEstatica)
 n0: 0 in 5 places, all below massif's threshold (1.00%)
#-----------
snapshot=69
#-----------
time=35343702203
mem_heap_B=16086521
mem_heap_extra_B=3079
mem_stacks_B=0
heap_tree=empty
#-----------
snapshot=70
#-----------
time=35729204589
mem_heap_B=16086521
mem_heap_extra_B=3079
mem_stacks_B=0
heap_tree=empty
#-----------
snapshot=71
#-----------
time=36114706535
mem_heap_B=16086521
mem_heap_extra_B=3079
mem_stacks_B=0
heap_tree=empty
#-----------
snapshot=72
#-----------
time=36500207988
mem_heap_B=16086549
mem_heap_extra_B=3091
mem_stacks_B=0
heap_tree=empty
#-----------
snapshot=73
#-----------
time=36885709225
mem_heap_B=16086548
mem_heap_extra_B=3092
mem_stacks_B=0
heap_tree=empty
#-----------
snapshot=74
#-----------
time=37271211095
mem_heap_B=16086521
mem_heap_extra_B=3079
mem_stacks_B=0
heap_tree=empty
#-----------
snapshot=75
#-----------
time=37656712160
mem_heap_B=16086546
mem_heap_extra_B=3094
mem_stacks_B=0
heap_tree=empty
#-----------
snapshot=76
#-----------
time=38042214967
mem_heap_B=16086521
mem_heap_extra_B=3079
mem_stacks_B=0
heap_tree=empty
#-----------
snapshot=77
#-----------
time=38427715926
mem_heap_B=16086521
mem_heap_extra_B=3079
mem_stacks_B=0
heap_tree=empty
#-----------
snapshot=78
#-----------
time=38842216643
mem_heap_B=77824
mem_heap_extra_B=16
mem_stacks_B=0
heap_tree=detailed
n3: 77824 (heap allocation functions) malloc/new/new[], --alloc-fns, etc.
 n1: 73728 0x491A38E: ??? (in /usr/lib/x86_64-linux-gnu/libstdc++.so.6.0.33)
  n1: 73728 0x400571E: call_init.part.0 (dl-init.c:74)
   n1: 73728 0x4005823: call_init (dl-init.c:120)
    n1: 73728 0x4005823: _dl_init (dl-init.c:121)
     n0: 73728 0x401F59F: ??? (in /usr/lib/x86_64-linux-gnu/ld-linux-x86-64.so.2)
 n1: 4096 0x4B941B4: _IO_file_doallocate (filedoalloc.c:101)
  n1: 4096 0x4BA4523: _IO_doallocbuf (genops.c:347)
   n1: 4096 0x4BA1F8F: _IO_file_overflow@@GLIBC_2.2.5 (fileops.c:745)
    n1: 4096 0x4BA2AAE: _IO_new_file_xsputn (fileops.c:1244)
     n1: 4096 0x4BA2AAE: _IO_file_xsputn@@GLIBC_2.2.5 (fileops.c:1197)
      n1: 4096 0x4B95A11: fwrite (iofwrite.c:39)
       n1: 4096 0x49B9DC3: std::basic_ostream<char, std::char_traits<char> >& std::__ostream_insert<char, std::char_traits<char> >(std::basic_ostream<char, std::char_traits<char> >&, char const*, long) (in /usr/lib/x86_64-linux-gnu/libstdc++.so.6.0.33)
        n0: 4096 0x10A862: main (in /home/deivy-rossi/shellC++/src/shellsort_ListaEstatica)
 n0: 0 in 5 places, all below massif's threshold (1.00%)
